x_20140707_061258/x_demoZ3.out x_20140707_061258/x Development version 2.8 of 15-May-2014 12:59:37
Species A:     1     2
Species A Member  1 Pair   1 M   1001 S   1002                                                          psp_16851_28374_ort.pha
Species A Member  2 Pair   1 M   1001 S   1002                                                          psp_16851_28374_ort.pha

Total Average Cost of null    model = 0.0083 cycles per datum for        287 observations in data set for inversion
Total Average Cost of initial model = 0.0114 cycles per datum for        287 observations in data set for inversion
Total Average Cost of final   model = 0.0066 cycles per datum for        287 observations in data set for inversion
Cost  of null  model   = 0.2466049 cycles per datum for    287 observations in inverted data set x_20140707_061258/x
Cost  of initl model   = 0.0113980 cycles per datum for    287 observations in inverted data set x_20140707_061258/x
Cost  of final model   = 0.0065919 cycles per datum for    287 observations in inverted data set x_20140707_061258/x
Cost  improvement      = 0.0048061 cycles per datum for    287 observations in inverted data set x_20140707_061258/x
Critical value of cost = 0.0071479 cycles per datum for    287 observations in inverted data set x_20140707_061258/x
I          Name     P0(pre-fit)              P1(post-fit)     Adjust.   Sigma[6] Significance PlusMinusBound
F#   1 time_fn_@_epoch_001_in_years____  2005.3836  2005.3836     0.0000        NaN     NaN     0.0000
F#   2 time_fn_@_epoch_002_in_years____  2007.5890  2007.5890     0.0000        NaN     NaN     0.0000
F#   3 E_grad__@_epoch_001_dimless_____   0.00e+00   0.00e+00   0.00e+00        NaN     NaN   0.00e+00
F#   4 E_grad__@_epoch_002_dimless_____   0.00e+00   0.00e+00   0.00e+00        NaN     NaN   0.00e+00
F#   5 N_grad__@_epoch_001_dimless_____   0.00e+00   0.00e+00   0.00e+00        NaN     NaN   0.00e+00
F#   6 N_grad__@_epoch_002_dimless_____   0.00e+00   0.00e+00   0.00e+00        NaN     NaN   0.00e+00
F#   7 U_grad__@_epoch_001_dimless_____  -1.00e-05  -1.00e-05   0.00e+00        NaN     NaN   0.00e+00
E#   8 U_grad__@_epoch_002_dimless_____  -1.00e-05  -2.37e-05  -1.37e-05   9.85e-06     1.4   1.00e-05
F#   9 OrbitHoriz_@_epoch_001_in_m_____   0.00e+00   0.00e+00   0.00e+00        NaN     NaN   0.00e+00
F#  10 OrbitHoriz_@_epoch_002_in_m_____   0.00e+00   0.00e+00   0.00e+00        NaN     NaN   0.00e+00
F#  11 OrbitAlong_@_epoch_001_in_m_____   0.00e+00   0.00e+00   0.00e+00        NaN     NaN   0.00e+00
F#  12 OrbitAlong_@_epoch_002_in_m_____   0.00e+00   0.00e+00   0.00e+00        NaN     NaN   0.00e+00
F#  13 OrbitVerti_@_epoch_001_in_m_____   0.00e+00   0.00e+00   0.00e+00        NaN     NaN   0.00e+00
F#  14 OrbitVerti_@_epoch_002_in_m_____   0.00e+00   0.00e+00   0.00e+00        NaN     NaN   0.00e+00
F#  15 OrbitVelH__@_epoch_001_m_per_s__   0.00e+00   0.00e+00   0.00e+00        NaN     NaN   0.00e+00
F#  16 OrbitVelH__@_epoch_002_m_per_s__   0.00e+00   0.00e+00   0.00e+00        NaN     NaN   0.00e+00
F#  17 OrbitVelA__@_epoch_001_m_per_s__   0.00e+00   0.00e+00   0.00e+00        NaN     NaN   0.00e+00
F#  18 OrbitVelA__@_epoch_002_m_per_s__   0.00e+00   0.00e+00   0.00e+00        NaN     NaN   0.00e+00
F#  19 OrbitVelV__@_epoch_001_m_per_s__   0.00e+00   0.00e+00   0.00e+00        NaN     NaN   0.00e+00
F#  20 OrbitVelV__@_epoch_002_m_per_s__   0.00e+00   0.00e+00   0.00e+00        NaN     NaN   0.00e+00
F#  21 Offset__@_epoch_001_in_cycles___   0.00e+00   0.00e+00   0.00e+00        NaN     NaN   0.00e+00
F#  22 Offset__@_epoch_002_in_cycles___   0.00e+00   0.00e+00   0.00e+00        NaN     NaN   0.00e+00
F#  23 Mogi1_Easting_in_m______________        0.0        0.0        0.0        NaN     NaN        0.0
F#  24 Mogi1_Northing_in_m_____________        0.0        0.0        0.0        NaN     NaN        0.0
F#  25 Mogi1_Depth_in_m________________   0.00e+00   0.00e+00   0.00e+00        NaN     NaN   0.00e+00
F#  26 Mogi1_Volume_Increase_in_m3_____   0.00e+00   0.00e+00   0.00e+00        NaN     NaN   0.00e+00
F#  27 Mogi2_Easting_in_m______________        0.0        0.0        0.0        NaN     NaN        0.0
F#  28 Mogi2_Northing_in_m_____________        0.0        0.0        0.0        NaN     NaN        0.0
F#  29 Mogi2_Depth_in_m________________   0.00e+00   0.00e+00   0.00e+00        NaN     NaN   0.00e+00
F#  30 Mogi2_Volume_Increase_in_m3_____   0.00e+00   0.00e+00   0.00e+00        NaN     NaN   0.00e+00
E#  31 Okada1_Length_in_m______________  5000.0000  4011.5856  -988.4144   555.1758    1.78  1000.0000
E#  32 Okada1_Width_in_m_______________  6000.0000  5322.4378  -677.5622   993.6523    0.68  1000.0000
E#  33 Okada1_Depth_in_m_______________  4000.0000  4495.4979   495.4979   218.5059    2.27   500.0000
E#  34 Okada1_Negative_Dip_in_deg______   -60.0000   -60.8815    -0.8815    11.0547    0.08    20.0000
E#  35 Okada1_Strike_CCW_from_N_in_deg_    25.0000    15.3653    -9.6347     8.7500    1.10    10.0000
E#  36 Okada1_Easting_in_m_____________   532000.0   531108.3     -891.7      451.7    1.97     1000.0
E#  37 Okada1_Northing_in_m____________  4245000.0  4244587.6     -412.4      672.9    0.61     1000.0
E#  38 Okada1_RL_Strike_Slip_in_m______     0.2500     0.2049    -0.0451     0.0307    1.47     0.0500
E#  39 Okada1_Downdip_Slip_in_m________     0.5000     0.4503    -0.0497     0.0422    1.18     0.0500
F#  40 Okada1_Tensile_Opening_in_m_____   0.00e+00   0.00e+00   0.00e+00        NaN     NaN   0.00e+00
E#  41 Okada2_Length_in_m______________  8000.0000  7934.2235   -65.7765  1704.1016    0.04  5000.0000
E#  42 Okada2_Width_in_m_______________  9000.0000  4680.6566 -4319.3434  2480.4688    1.74  5000.0000
E#  43 Okada2_Depth_in_m_______________  1000.0000  1247.5324   247.5324   315.6021    0.78   999.0000
E#  44 Okada2_Negative_Dip_in_deg______   -60.0000   -52.0802     7.9198     7.7588    1.02    10.0000
E#  45 Okada2_Strike_CCW_from_N_in_deg_    25.0000    25.6838     0.6838     5.1221    0.13    10.0000
E#  46 Okada2_Easting_in_m_____________   534743.0   534557.9     -185.1      207.5    0.89     5000.0
E#  47 Okada2_Northing_in_m____________  4245640.0  4246049.2      409.2      456.5    0.90     5000.0
E#  48 Okada2_RL_Strike_Slip_in_m______   1.20e-01   6.43e-02  -5.57e-02   5.94e-02    0.94   1.00e-01
E#  49 Okada2_Downdip_Slip_in_m________     0.2200     0.1209    -0.0991     0.0173    5.71     0.1000
F#  50 Okada2_Tensile_Opening_in_m_____   0.00e+00   0.00e+00   0.00e+00        NaN     NaN   0.00e+00
F#  51 YangPS_Easting_in_m_____________        0.0        0.0        0.0        NaN     NaN        0.0
F#  52 YangPS_Northing_in_m____________        0.0        0.0        0.0        NaN     NaN        0.0
F#  53 YangPS_Depth_in_m_______________   0.00e+00   0.00e+00   0.00e+00        NaN     NaN   0.00e+00
F#  54 YangPS_Excess_Pressure_in_Pa____   0.00e+00   0.00e+00   0.00e+00        NaN     NaN   0.00e+00
F#  55 YangPS_semimajor_axis_a__m______   0.00e+00   0.00e+00   0.00e+00        NaN     NaN   0.00e+00
F#  56 YangPS_semiminor_axis_b_in_m____   0.00e+00   0.00e+00   0.00e+00        NaN     NaN   0.00e+00
F#  57 YangPS_Azimuth_deg_CCW_from_N___   0.00e+00   0.00e+00   0.00e+00        NaN     NaN   0.00e+00
F#  58 YangPS_Plunge_in_degrees________   0.00e+00   0.00e+00   0.00e+00        NaN     NaN   0.00e+00
F#  59 YangPS_Empty1___________________   0.00e+00   0.00e+00   0.00e+00        NaN     NaN   0.00e+00
F#  60 YangPS_Empty2___________________   0.00e+00   0.00e+00   0.00e+00        NaN     NaN   0.00e+00
E#  61 Poisson_Ratio_dimless___________     0.2500     0.2310    -0.0190     0.0157    1.21     0.0200
F#  62 Shear_Modulus_in_Pa_____________   3.00e+10   3.00e+10   0.00e+00        NaN     NaN   0.00e+00
F#  63 Reference_Epoch_in_years________  2007.1397  2007.1397     0.0000        NaN     NaN     0.0000
F#  64 Young_s_Modulus_in_Pa_for_Pinel_   0.00e+00   0.00e+00   0.00e+00        NaN     NaN   0.00e+00
F#  65 Density_of_load_in_kg_per_m3____   0.00e+00   0.00e+00   0.00e+00        NaN     NaN   0.00e+00
F#  66 Grav_Acc_in_m_per_s_per_s_______   0.00e+00   0.00e+00   0.00e+00        NaN     NaN   0.00e+00
F#  67 Poisson_Ratio_dimless_for_Pinel_   0.00e+00   0.00e+00   0.00e+00        NaN     NaN   0.00e+00
F#  68 SunDisk1_Easting_in_m___________        0.0        0.0        0.0        NaN     NaN        0.0
F#  69 SunDisk1_Northing_in_m__________        0.0        0.0        0.0        NaN     NaN        0.0
F#  70 SunDisk1_Depth_in_m_____________   0.00e+00   0.00e+00   0.00e+00        NaN     NaN   0.00e+00
F#  71 SunDisk1_Excess_Pressure_in_Pa__   0.00e+00   0.00e+00   0.00e+00        NaN     NaN   0.00e+00
F#  72 SunDisk1_Radius_a_in_m__________   0.00e+00   0.00e+00   0.00e+00        NaN     NaN   0.00e+00
F#  73 SunDisk2_Easting_in_m___________        0.0        0.0        0.0        NaN     NaN        0.0
F#  74 SunDisk2_Northing_in_m__________        0.0        0.0        0.0        NaN     NaN        0.0
F#  75 SunDisk2_Depth_in_m_____________   0.00e+00   0.00e+00   0.00e+00        NaN     NaN   0.00e+00
F#  76 SunDisk2_Excess_Pressure_in_Pa__   0.00e+00   0.00e+00   0.00e+00        NaN     NaN   0.00e+00
F#  77 SunDisk2_Radius_a_in_m__________   0.00e+00   0.00e+00   0.00e+00        NaN     NaN   0.00e+00
F#  78 Poisson_Ratio_dimless_drained___   0.00e+00   0.00e+00   0.00e+00        NaN     NaN   0.00e+00
F#  79 Okada3_Length_in_m______________   0.00e+00   0.00e+00   0.00e+00        NaN     NaN   0.00e+00
F#  80 Okada3_Width_in_m_______________   0.00e+00   0.00e+00   0.00e+00        NaN     NaN   0.00e+00
F#  81 Okada3_Depth_in_m_______________   0.00e+00   0.00e+00   0.00e+00        NaN     NaN   0.00e+00
F#  82 Okada3_Negative_Dip_in_deg______   0.00e+00   0.00e+00   0.00e+00        NaN     NaN   0.00e+00
F#  83 Okada3_Strike_CCW_from_N_in_deg_   0.00e+00   0.00e+00   0.00e+00        NaN     NaN   0.00e+00
F#  84 Okada3_Easting_in_m_____________        0.0        0.0        0.0        NaN     NaN        0.0
F#  85 Okada3_Northing_in_m____________        0.0        0.0        0.0        NaN     NaN        0.0
F#  86 Okada3_RL_Strike_Slip_in_m______   0.00e+00   0.00e+00   0.00e+00        NaN     NaN   0.00e+00
F#  87 Okada3_Downdip_Slip_in_m________   0.00e+00   0.00e+00   0.00e+00        NaN     NaN   0.00e+00
F#  88 Okada3_Tensile_Opening_in_m_____   0.00e+00   0.00e+00   0.00e+00        NaN     NaN   0.00e+00
F#  89 Rad_Vel_Center_Easting_in_m_____        0.0        0.0        0.0        NaN     NaN        0.0
F#  90 Rad_Vel_Center_Northing_in_m____        0.0        0.0        0.0        NaN     NaN        0.0
F#  91 Rad_Vel_Evel_in_m_per_yr________   0.00e+00   0.00e+00   0.00e+00        NaN     NaN   0.00e+00
F#  92 Rad_Vel_Nvel_in_m_per_yr________   0.00e+00   0.00e+00   0.00e+00        NaN     NaN   0.00e+00
F#  93 Rad_Vel_Uvel_in_m_per_yr________   0.00e+00   0.00e+00   0.00e+00        NaN     NaN   0.00e+00
F#  94 Rad_Vel_dVdR_in_inverse_yr______   0.00e+00   0.00e+00   0.00e+00        NaN     NaN   0.00e+00
D#  95 Total_Net_Volume_Increase_in_m3_   0.00e+00   0.00e+00   0.00e+00        NaN     NaN        NaN
D#  96 Okada1_Centroid_Easting_in_m____   530640.5   529859.6     -781.0        NaN     NaN        NaN
D#  97 Okada1_Centroid_Northing_in_m___  4245633.9  4244930.7     -703.2        NaN     NaN        NaN
D#  98 Okada1_Centroid_latitude__in_deg    38.3583    38.3520    -0.0063        NaN     NaN        NaN
D#  99 Okada1_Centroid_longitude_in_deg    39.3507    39.3417    -0.0090        NaN     NaN        NaN
D# 100 Okada1_Convt_strike_in_deg_CW_N_   205.0000   195.3653    -9.6347     8.7500    1.10        NaN
D# 101 Derived_Okada1_rake_in_deg_CCW__   -26.5651   -24.4715     2.0935        NaN     NaN        NaN
D# 102 Derived_Okada1_potency_in_m3____   1.68e+07   1.06e+07  -6.21e+06        NaN     NaN        NaN
D# 103 Derived_Okada1_moment_in_Nm_____   5.03e+17   3.17e+17  -1.86e+17        NaN     NaN        NaN
D# 104 Derived_Okada1_Mw_______________     5.7711     5.6373    -0.1338        NaN     NaN        NaN
D# 105 Okada2_Centroid_Easting_in_m____   532703.8   533261.8      558.0        NaN     NaN        NaN
D# 106 Okada2_Centroid_Northing_in_m___  4246590.9  4246672.6       81.7        NaN     NaN        NaN
D# 107 Okada2_Centroid_latitude__in_deg    38.3669    38.3676     0.0007        NaN     NaN        NaN
D# 108 Okada2_Centroid_longitude_in_deg    39.3744    39.3808     0.0064        NaN     NaN        NaN
D# 109 Okada2_Convt_strike_in_deg_CW_N_   205.0000   205.6838     0.6838     5.1221    0.13        NaN
D# 110 Derived_Okada2_rake_in_deg_CCW__   -28.6105   -27.9914     0.6191        NaN     NaN        NaN
D# 111 Derived_Okada2_potency_in_m3____   1.80e+07   5.09e+06  -1.30e+07        NaN     NaN        NaN
D# 112 Derived_Okada2_moment_in_Nm_____   5.41e+17   1.53e+17  -3.89e+17        NaN     NaN        NaN
D# 113 Derived_Okada2_Mw_______________     5.7923     5.4257    -0.3666        NaN     NaN        NaN
D# 114 Pair_00001_MaxAbsGradientOBS____   1.33e-05   1.33e-05   0.00e+00        NaN     NaN        NaN
D# 115 Pair_00001_MaxAbsGradientMOD____   8.99e-05   3.29e-05  -5.71e-05        NaN     NaN        NaN
D# 116 Pair_00001_MaxAbsGradientRES____   8.97e-05   3.11e-05  -5.86e-05        NaN     NaN        NaN
D# 117 Pair_00001_MaxAbsGradientDEV____   8.97e-05   3.11e-05  -5.86e-05        NaN     NaN        NaN
D# 118 Pair_00001_MiniRange_m_MOD______  -2.81e-02  -2.78e-03   2.53e-02   1.80e-02     NaN        NaN
D# 119 Pair_00001_MaxiRange_m_MOD______   1.52e-01   8.72e-02  -6.52e-02   1.80e-02     NaN        NaN
__________________________________________________________
Parameter                         Estimate     Uncertainty
__________________________________________________________
U_grad__@_epoch_002_dimless_____  -2.37e-05 +/-   9.85e-06
Okada1_Length_in_m______________  4011.5856 +/-   555.1758
Okada1_Width_in_m_______________  5322.4378 +/-   993.6523
Okada1_Depth_in_m_______________  4495.4979 +/-   218.5059
Okada1_Negative_Dip_in_deg______   -60.8815 +/-    11.0547
Okada1_Strike_CCW_from_N_in_deg_    15.3653 +/-     8.7500
Okada1_Easting_in_m_____________   531108.3 +/-      451.7
Okada1_Northing_in_m____________  4244587.6 +/-      672.9
Okada1_RL_Strike_Slip_in_m______     0.2049 +/-     0.0307
Okada1_Downdip_Slip_in_m________     0.4503 +/-     0.0422
Okada2_Length_in_m______________  7934.2235 +/-  1704.1016
Okada2_Width_in_m_______________  4680.6566 +/-  2480.4688
Okada2_Depth_in_m_______________  1247.5324 +/-   315.6021
Okada2_Negative_Dip_in_deg______   -52.0802 +/-     7.7588
Okada2_Strike_CCW_from_N_in_deg_    25.6838 +/-     5.1221
Okada2_Easting_in_m_____________   534557.9 +/-      207.5
Okada2_Northing_in_m____________  4246049.2 +/-      456.5
Okada2_RL_Strike_Slip_in_m______   6.43e-02 +/-   5.94e-02
Okada2_Downdip_Slip_in_m________     0.1209 +/-     0.0173
Poisson_Ratio_dimless___________     0.2310 +/-     0.0157
Okada1_Centroid_Easting_in_m____   529859.6 +/-        NaN
Okada1_Centroid_Northing_in_m___  4244930.7 +/-        NaN
Okada1_Centroid_latitude__in_deg    38.3520 +/-        NaN
Okada1_Centroid_longitude_in_deg    39.3417 +/-        NaN
Okada1_Convt_strike_in_deg_CW_N_   195.3653 +/-     8.7500
Derived_Okada1_rake_in_deg_CCW__   -24.4715 +/-        NaN
Derived_Okada1_potency_in_m3____   1.06e+07 +/-        NaN
Derived_Okada1_moment_in_Nm_____   3.17e+17 +/-        NaN
Derived_Okada1_Mw_______________     5.6373 +/-        NaN
Okada2_Centroid_Easting_in_m____   533261.8 +/-        NaN
Okada2_Centroid_Northing_in_m___  4246672.6 +/-        NaN
Okada2_Centroid_latitude__in_deg    38.3676 +/-        NaN
Okada2_Centroid_longitude_in_deg    39.3808 +/-        NaN
Okada2_Convt_strike_in_deg_CW_N_   205.6838 +/-     5.1221
Derived_Okada2_rake_in_deg_CCW__   -27.9914 +/-        NaN
Derived_Okada2_potency_in_m3____   5.09e+06 +/-        NaN
Derived_Okada2_moment_in_Nm_____   1.53e+17 +/-        NaN
Derived_Okada2_Mw_______________     5.4257 +/-        NaN
Pair_00001_MaxAbsGradientMOD____   3.29e-05 +/-        NaN
Pair_00001_MaxAbsGradientRES____   3.11e-05 +/-        NaN
Pair_00001_MaxAbsGradientDEV____   3.11e-05 +/-        NaN
Pair_00001_MiniRange_m_MOD______  -2.78e-03 +/-   1.80e-02
Pair_00001_MaxiRange_m_MOD______   8.72e-02 +/-   1.80e-02
__________________________________________________________
