x_20150419_165359/x_demoF10.out x_20150419_165359/x Development version 2.8 of 06-Aug-2014 12:53:06
Species A:     1     2
Species A Member  1 Pair   1 M   1001 S   1002                                              ../IN/psp_5565_10575_ort_121x81.pha
Species A Member  2 Pair   1 M   1001 S   1002                                              ../IN/psp_5565_10575_ort_121x81.pha

Total Average Cost of null    model = 0.2525 cycles per datum for       1023 observations in data set for inversion
Total Average Cost of initial model = 0.2153 cycles per datum for       1023 observations in data set for inversion
Total Average Cost of final   model = 0.1513 cycles per datum for       1023 observations in data set for inversion
Cost  of null  model   = 0.2525125 cycles per datum for   1023 observations in inverted data set x_20150419_165359/x
Cost  of initl model   = 0.2152675 cycles per datum for   1023 observations in inverted data set x_20150419_165359/x
Cost  of final model   = 0.1512826 cycles per datum for   1023 observations in inverted data set x_20150419_165359/x
Cost  improvement      = 0.0639849 cycles per datum for   1023 observations in inverted data set x_20150419_165359/x
Critical value of cost = 0.1567873 cycles per datum for   1023 observations in inverted data set x_20150419_165359/x
Mean direction of residuals from null     model              = 0.9552 cycles
Mean direction of residuals from initial  model              = 0.8335 cycles
Mean direction of residuals from final    model              = 0.9202 cycles
Circular standard deviation of residuals from final    model = 0.1953 cycles
Mean Resultant Length for residuals for NULL  model Rbar00   =     0.0563
Mean Resultant Length for residuals for initl model Rbar0    =     0.1767
Mean Resultant Length for residuals for final model Rbar1    =     0.4711
Concentration Parameter of residuals for NULL  model Kappa00 =     0.1127
Concentration Parameter of residuals for initl model Kappa0  =     0.3590
Concentration Parameter of residuals for final model Kappa0  =     1.0713
P-value of Test Statistic P00                                =     0.0000
P-value of Test Statistic P0                                 =     0.0000
Test Statistic for mean direction of residuals En00          =        NaN
Test Statistic for mean direction of residuals En0           =        NaN
Test Statistic for mean direction of residuals En1           =        NaN
I          Name     P0(pre-fit)              P1(post-fit)     Adjust.   Sigma[1] Significance PlusMinusBound
F#   1 time_fn_@_epoch_001_in_years____  1992.6011  1992.6011     0.0000        NaN     NaN     0.0000
F#   2 time_fn_@_epoch_002_in_years____  1993.5589  1993.5589     0.0000        NaN     NaN     0.0000
F#   3 E_grad__@_epoch_001_dimless_____  -3.00e-06  -3.00e-06   0.00e+00        NaN     NaN   0.00e+00
F#   4 E_grad__@_epoch_002_dimless_____   0.00e+00   0.00e+00   0.00e+00        NaN     NaN   0.00e+00
F#   5 N_grad__@_epoch_001_dimless_____  -5.50e-06  -5.50e-06   0.00e+00        NaN     NaN   0.00e+00
F#   6 N_grad__@_epoch_002_dimless_____   0.00e+00   0.00e+00   0.00e+00        NaN     NaN   0.00e+00
F#   7 U_grad__@_epoch_001_dimless_____   0.00e+00   0.00e+00   0.00e+00        NaN     NaN   0.00e+00
F#   8 U_grad__@_epoch_002_dimless_____   0.00e+00   0.00e+00   0.00e+00        NaN     NaN   0.00e+00
F#   9 OrbitHoriz_@_epoch_001_in_m_____   0.00e+00   0.00e+00   0.00e+00        NaN     NaN   0.00e+00
F#  10 OrbitHoriz_@_epoch_002_in_m_____   0.00e+00   0.00e+00   0.00e+00        NaN     NaN   0.00e+00
F#  11 OrbitAlong_@_epoch_001_in_m_____   0.00e+00   0.00e+00   0.00e+00        NaN     NaN   0.00e+00
F#  12 OrbitAlong_@_epoch_002_in_m_____   0.00e+00   0.00e+00   0.00e+00        NaN     NaN   0.00e+00
F#  13 OrbitVerti_@_epoch_001_in_m_____   0.00e+00   0.00e+00   0.00e+00        NaN     NaN   0.00e+00
F#  14 OrbitVerti_@_epoch_002_in_m_____   0.00e+00   0.00e+00   0.00e+00        NaN     NaN   0.00e+00
F#  15 OrbitVelH__@_epoch_001_m_per_s__   0.00e+00   0.00e+00   0.00e+00        NaN     NaN   0.00e+00
F#  16 OrbitVelH__@_epoch_002_m_per_s__   0.00e+00   0.00e+00   0.00e+00        NaN     NaN   0.00e+00
F#  17 OrbitVelA__@_epoch_001_m_per_s__   0.00e+00   0.00e+00   0.00e+00        NaN     NaN   0.00e+00
F#  18 OrbitVelA__@_epoch_002_m_per_s__   0.00e+00   0.00e+00   0.00e+00        NaN     NaN   0.00e+00
F#  19 OrbitVelV__@_epoch_001_m_per_s__   0.00e+00   0.00e+00   0.00e+00        NaN     NaN   0.00e+00
F#  20 OrbitVelV__@_epoch_002_m_per_s__   0.00e+00   0.00e+00   0.00e+00        NaN     NaN   0.00e+00
F#  21 Offset__@_epoch_001_in_cycles___   0.00e+00   0.00e+00   0.00e+00        NaN     NaN   0.00e+00
F#  22 Offset__@_epoch_002_in_cycles___     0.0000    -0.1815    -0.1815        NaN     NaN     0.5000
F#  23 Mogi1_Easting_in_m______________        0.0        0.0        0.0        NaN     NaN        0.0
F#  24 Mogi1_Northing_in_m_____________        0.0        0.0        0.0        NaN     NaN        0.0
F#  25 Mogi1_Depth_in_m________________   0.00e+00   0.00e+00   0.00e+00        NaN     NaN   0.00e+00
F#  26 Mogi1_Depth_in_m________________   0.00e+00   0.00e+00   0.00e+00        NaN     NaN   0.00e+00
F#  27 Mogi1_Volume_Increase_in_m3_____   0.00e+00   0.00e+00   0.00e+00        NaN     NaN   0.00e+00
F#  28 Mogi2_Easting_in_m______________        0.0        0.0        0.0        NaN     NaN        0.0
F#  29 Mogi2_Northing_in_m_____________        0.0        0.0        0.0        NaN     NaN        0.0
F#  30 Mogi2_Depth_in_m________________   0.00e+00   0.00e+00   0.00e+00        NaN     NaN   0.00e+00
F#  31 Mogi2_Volume_Increase_in_m3_____   0.00e+00   0.00e+00   0.00e+00        NaN     NaN   0.00e+00
E#  32 Okada1_Length_in_m______________  2340.0000  2838.6893   498.6893   109.6191    4.55   500.0000
E#  33 Okada1_Width_in_m_______________  2780.0000  2281.4053  -498.5947    77.8809    6.40   500.0000
E#  34 Okada1_Centroid_Depth_in_m______  2200.0000  1900.2682  -299.7318    76.4648    3.92   300.0000
E#  35 Okada1_Dip_in_deg_______________    50.0000    58.7472     8.7472     2.1533    4.06    10.0000
E#  36 Okada1_Strike_CCW_from_N_in_deg_   282.0000   270.9011   -11.0989     5.6543    1.96    15.0000
E#  37 Okada1_Easting_in_m_____________   507700.0   507817.9      117.9       82.3    1.43      500.0
E#  38 Okada1_Northing_in_m____________  3801700.0  3801344.2     -355.8      100.1    3.55      500.0
E#  39 Okada1_RL_Strike_Slip_in_m______   2.00e-02   4.66e-03  -1.53e-02   1.96e-02    0.78   2.00e-02
E#  40 Okada1_Downdip_Slip_in_m________    -0.5630    -0.5210     0.0420     0.0358    1.17     0.0500
F#  41 Okada1_Tensile_Opening_in_m_____   0.00e+00   0.00e+00   0.00e+00        NaN     NaN   0.00e+00
F#  42 Okada2_Length_in_m______________   0.00e+00   0.00e+00   0.00e+00        NaN     NaN   0.00e+00
F#  43 Okada2_Width_in_m_______________   0.00e+00   0.00e+00   0.00e+00        NaN     NaN   0.00e+00
F#  44 Okada2_Centroid_Depth_in_m______   0.00e+00   0.00e+00   0.00e+00        NaN     NaN   0.00e+00
F#  45 Okada2_Dip_in_deg_______________   0.00e+00   0.00e+00   0.00e+00        NaN     NaN   0.00e+00
F#  46 Okada2_Strike_CCW_from_N_in_deg_   0.00e+00   0.00e+00   0.00e+00        NaN     NaN   0.00e+00
F#  47 Okada2_Easting_in_m_____________        0.0        0.0        0.0        NaN     NaN        0.0
F#  48 Okada2_Northing_in_m____________        0.0        0.0        0.0        NaN     NaN        0.0
F#  49 Okada2_RL_Strike_Slip_in_m______   0.00e+00   0.00e+00   0.00e+00        NaN     NaN   0.00e+00
F#  50 Okada2_Downdip_Slip_in_m________   0.00e+00   0.00e+00   0.00e+00        NaN     NaN   0.00e+00
F#  51 Okada2_Tensile_Opening_in_m_____   0.00e+00   0.00e+00   0.00e+00        NaN     NaN   0.00e+00
F#  52 YangPS_Easting_in_m_____________        0.0        0.0        0.0        NaN     NaN        0.0
F#  53 YangPS_Northing_in_m____________        0.0        0.0        0.0        NaN     NaN        0.0
F#  54 YangPS_Depth_in_m_______________   0.00e+00   0.00e+00   0.00e+00        NaN     NaN   0.00e+00
F#  55 YangPS_Excess_Pressure_in_Pa____   0.00e+00   0.00e+00   0.00e+00        NaN     NaN   0.00e+00
F#  56 YangPS_semimajor_axis_a__m______   0.00e+00   0.00e+00   0.00e+00        NaN     NaN   0.00e+00
F#  57 YangPS_semiminor_axis_b_in_m____   0.00e+00   0.00e+00   0.00e+00        NaN     NaN   0.00e+00
F#  58 YangPS_Azimuth_deg_CCW_from_N___   0.00e+00   0.00e+00   0.00e+00        NaN     NaN   0.00e+00
F#  59 YangPS_Plunge_in_degrees________   0.00e+00   0.00e+00   0.00e+00        NaN     NaN   0.00e+00
F#  60 YangPS_Empty1___________________   0.00e+00   0.00e+00   0.00e+00        NaN     NaN   0.00e+00
F#  61 YangPS_Empty2___________________   0.00e+00   0.00e+00   0.00e+00        NaN     NaN   0.00e+00
F#  62 Poisson_Ratio_dimless___________     0.2500     0.2500     0.0000        NaN     NaN     0.0000
F#  63 Shear_Modulus_in_Pa_____________   3.00e+10   3.00e+10   0.00e+00        NaN     NaN   0.00e+00
F#  64 Reference_Epoch_in_years________  1992.9235  1992.9235     0.0000        NaN     NaN     0.0000
F#  65 Young_s_Modulus_in_Pa_for_Pinel_   0.00e+00   0.00e+00   0.00e+00        NaN     NaN   0.00e+00
F#  66 Density_of_load_in_kg_per_m3____   0.00e+00   0.00e+00   0.00e+00        NaN     NaN   0.00e+00
F#  67 Grav_Acc_in_m_per_s_per_s_______   0.00e+00   0.00e+00   0.00e+00        NaN     NaN   0.00e+00
F#  68 Poisson_Ratio_dimless_for_Pinel_   0.00e+00   0.00e+00   0.00e+00        NaN     NaN   0.00e+00
F#  69 SunDisk1_Easting_in_m___________        0.0        0.0        0.0        NaN     NaN        0.0
F#  70 SunDisk1_Northing_in_m__________        0.0        0.0        0.0        NaN     NaN        0.0
F#  71 SunDisk1_Depth_in_m_____________   0.00e+00   0.00e+00   0.00e+00        NaN     NaN   0.00e+00
F#  72 SunDisk1_Excess_Pressure_in_Pa__   0.00e+00   0.00e+00   0.00e+00        NaN     NaN   0.00e+00
F#  73 SunDisk1_Radius_a_in_m__________   0.00e+00   0.00e+00   0.00e+00        NaN     NaN   0.00e+00
F#  74 SunDisk2_Easting_in_m___________        0.0        0.0        0.0        NaN     NaN        0.0
F#  75 SunDisk2_Northing_in_m__________        0.0        0.0        0.0        NaN     NaN        0.0
F#  76 SunDisk2_Depth_in_m_____________   0.00e+00   0.00e+00   0.00e+00        NaN     NaN   0.00e+00
F#  77 SunDisk2_Excess_Pressure_in_Pa__   0.00e+00   0.00e+00   0.00e+00        NaN     NaN   0.00e+00
F#  78 SunDisk2_Radius_a_in_m__________   0.00e+00   0.00e+00   0.00e+00        NaN     NaN   0.00e+00
F#  79 Poisson_Ratio_dimless_drained___   0.00e+00   0.00e+00   0.00e+00        NaN     NaN   0.00e+00
F#  80 Okada3_Length_in_m______________   0.00e+00   0.00e+00   0.00e+00        NaN     NaN   0.00e+00
F#  81 Okada3_Width_in_m_______________   0.00e+00   0.00e+00   0.00e+00        NaN     NaN   0.00e+00
F#  82 Okada3_Centroid_Depth_in_m______   0.00e+00   0.00e+00   0.00e+00        NaN     NaN   0.00e+00
F#  83 Okada3_Dip_in_deg_______________   0.00e+00   0.00e+00   0.00e+00        NaN     NaN   0.00e+00
F#  84 Okada3_Strike_CCW_from_N_in_deg_   0.00e+00   0.00e+00   0.00e+00        NaN     NaN   0.00e+00
F#  85 Okada3_Easting_in_m_____________        0.0        0.0        0.0        NaN     NaN        0.0
F#  86 Okada3_Northing_in_m____________        0.0        0.0        0.0        NaN     NaN        0.0
F#  87 Okada3_RL_Strike_Slip_in_m______   0.00e+00   0.00e+00   0.00e+00        NaN     NaN   0.00e+00
F#  88 Okada3_Downdip_Slip_in_m________   0.00e+00   0.00e+00   0.00e+00        NaN     NaN   0.00e+00
F#  89 Okada3_Tensile_Opening_in_m_____   0.00e+00   0.00e+00   0.00e+00        NaN     NaN   0.00e+00
F#  90 Rad_Vel_Center_Easting_in_m_____        0.0        0.0        0.0        NaN     NaN        0.0
F#  91 Rad_Vel_Center_Northing_in_m____        0.0        0.0        0.0        NaN     NaN        0.0
F#  92 Rad_Vel_Evel_in_m_per_yr________   0.00e+00   0.00e+00   0.00e+00        NaN     NaN   0.00e+00
F#  93 Rad_Vel_Nvel_in_m_per_yr________   0.00e+00   0.00e+00   0.00e+00        NaN     NaN   0.00e+00
F#  94 Rad_Vel_Uvel_in_m_per_yr________   0.00e+00   0.00e+00   0.00e+00        NaN     NaN   0.00e+00
F#  95 Rad_Vel_dVdR_in_inverse_yr______   0.00e+00   0.00e+00   0.00e+00        NaN     NaN   0.00e+00
D#  96 Total_Net_Volume_Increase_in_m3_   0.00e+00   0.00e+00   0.00e+00        NaN     NaN        NaN
D#  97 Derived_Okada1_rake_in_deg_CCW__  -177.9655  -179.4880    -1.5225        NaN     NaN        NaN
D#  98 Derived_Okada1_potency_in_m3____   3.66e+06   3.37e+06  -2.91e+05        NaN     NaN        NaN
D#  99 Derived_Okada1_moment_in_Nm_____   1.10e+17   1.01e+17  -8.72e+15        NaN     NaN        NaN
D# 100 Derived_Okada1_Mw_______________     5.3308     5.3069    -0.0239        NaN     NaN        NaN
D# 101 Pair_00001_MiniRange_m_MOD______    -0.1090    -0.1114    -0.0024     0.0245     NaN        NaN
D# 102 Pair_00001_MaxiRange_m_MOD______   3.81e-02   2.99e-02  -8.24e-03   2.45e-02     NaN        NaN
D# 101 Pair_00001_MiniRange_m_MOD______    -0.1090    -0.1114    -0.0024     0.0245     NaN        NaN
D# 102 Pair_00001_MaxiRange_m_MOD______   3.81e-02   2.99e-02  -8.24e-03   2.45e-02     NaN        NaN
__________________________________________________________
Parameter                         Estimate     Uncertainty
__________________________________________________________
Offset__@_epoch_002_in_cycles___    -0.1815 +/-        NaN
Okada1_Length_in_m______________  2838.6893 +/-   109.6191
Okada1_Width_in_m_______________  2281.4053 +/-    77.8809
Okada1_Centroid_Depth_in_m______  1900.2682 +/-    76.4648
Okada1_Dip_in_deg_______________    58.7472 +/-     2.1533
Okada1_Strike_CCW_from_N_in_deg_   270.9011 +/-     5.6543
Okada1_Easting_in_m_____________   507817.9 +/-       82.3
Okada1_Northing_in_m____________  3801344.2 +/-      100.1
Okada1_RL_Strike_Slip_in_m______   4.66e-03 +/-   1.96e-02
Okada1_Downdip_Slip_in_m________    -0.5210 +/-     0.0358
Derived_Okada1_rake_in_deg_CCW__  -179.4880 +/-        NaN
Derived_Okada1_potency_in_m3____   3.37e+06 +/-        NaN
Derived_Okada1_moment_in_Nm_____   1.01e+17 +/-        NaN
Derived_Okada1_Mw_______________     5.3069 +/-        NaN
Pair_00001_MiniRange_m_MOD______    -0.1114 +/-     0.0245
Pair_00001_MaxiRange_m_MOD______   2.99e-02 +/-   2.45e-02
__________________________________________________________
