105 funseparable25 
PST.i(i),char(PST.names{i}),PST.p0(i),PST.p1(i),PST.lb(i),PST.ub(i),PST.sigma(i),PST.scale(i)
   1 time_fn_@_epoch_001_in_years____     2.0053836000e+03     2.0053836000e+03     2.0053836000e+03     2.0053836000e+03                  NaN     1.0000000000e+00
   2 time_fn_@_epoch_002_in_years____     2.0075890000e+03     2.0075890000e+03     2.0075890000e+03     2.0075890000e+03                  NaN     1.0000000000e+00
   3 E_grad__@_epoch_001_dimless_____     0.0000000000e+00     0.0000000000e+00     0.0000000000e+00     0.0000000000e+00                  NaN     1.0000000000e-06
   4 E_grad__@_epoch_002_dimless_____     0.0000000000e+00     0.0000000000e+00     0.0000000000e+00     0.0000000000e+00                  NaN     1.0000000000e-06
   5 N_grad__@_epoch_001_dimless_____     0.0000000000e+00     0.0000000000e+00     0.0000000000e+00     0.0000000000e+00                  NaN     1.0000000000e-06
   6 N_grad__@_epoch_002_dimless_____     0.0000000000e+00     0.0000000000e+00     0.0000000000e+00     0.0000000000e+00                  NaN     1.0000000000e-06
   7 U_grad__@_epoch_001_dimless_____    -1.0000000000e-05    -1.0000000000e-05    -1.0000000000e-05    -1.0000000000e-05                  NaN     1.0000000000e-06
   8 U_grad__@_epoch_002_dimless_____    -1.0000000000e-05    -1.9781226077e-05    -3.0000000000e-05    -1.0000000000e-05     1.0000000000e-05     1.0000000000e-06
   9 OrbitHoriz_@_epoch_001_in_m_____     0.0000000000e+00     0.0000000000e+00     0.0000000000e+00     0.0000000000e+00                  NaN     1.0000000000e+00
  10 OrbitHoriz_@_epoch_002_in_m_____     0.0000000000e+00     0.0000000000e+00     0.0000000000e+00     0.0000000000e+00                  NaN     1.0000000000e+00
  11 OrbitAlong_@_epoch_001_in_m_____     0.0000000000e+00     0.0000000000e+00     0.0000000000e+00     0.0000000000e+00                  NaN     1.0000000000e+00
  12 OrbitAlong_@_epoch_002_in_m_____     0.0000000000e+00     0.0000000000e+00     0.0000000000e+00     0.0000000000e+00                  NaN     1.0000000000e+00
  13 OrbitVerti_@_epoch_001_in_m_____     0.0000000000e+00     0.0000000000e+00     0.0000000000e+00     0.0000000000e+00                  NaN     1.0000000000e+00
  14 OrbitVerti_@_epoch_002_in_m_____     0.0000000000e+00     0.0000000000e+00     0.0000000000e+00     0.0000000000e+00                  NaN     1.0000000000e+00
  15 OrbitVelH__@_epoch_001_m_per_s__     0.0000000000e+00     0.0000000000e+00     0.0000000000e+00     0.0000000000e+00                  NaN     1.0000000000e+00
  16 OrbitVelH__@_epoch_002_m_per_s__     0.0000000000e+00     0.0000000000e+00     0.0000000000e+00     0.0000000000e+00                  NaN     1.0000000000e+00
  17 OrbitVelA__@_epoch_001_m_per_s__     0.0000000000e+00     0.0000000000e+00     0.0000000000e+00     0.0000000000e+00                  NaN     1.0000000000e+00
  18 OrbitVelA__@_epoch_002_m_per_s__     0.0000000000e+00     0.0000000000e+00     0.0000000000e+00     0.0000000000e+00                  NaN     1.0000000000e+00
  19 OrbitVelV__@_epoch_001_m_per_s__     0.0000000000e+00     0.0000000000e+00     0.0000000000e+00     0.0000000000e+00                  NaN     1.0000000000e+00
  20 OrbitVelV__@_epoch_002_m_per_s__     0.0000000000e+00     0.0000000000e+00     0.0000000000e+00     0.0000000000e+00                  NaN     1.0000000000e+00
  21 Offset__@_epoch_001_in_cycles___     0.0000000000e+00     0.0000000000e+00     0.0000000000e+00     0.0000000000e+00                  NaN     1.0000000000e-01
  22 Offset__@_epoch_002_in_cycles___     0.0000000000e+00    -3.0224064583e-01    -5.0000000000e-01     5.0000000000e-01                  NaN     1.0000000000e-01
  23 Mogi1_Easting_in_m______________     0.0000000000e+00     0.0000000000e+00     0.0000000000e+00     0.0000000000e+00                  NaN     1.0000000000e+03
  24 Mogi1_Northing_in_m_____________     0.0000000000e+00     0.0000000000e+00     0.0000000000e+00     0.0000000000e+00                  NaN     1.0000000000e+03
  25 Mogi1_Depth_in_m________________     0.0000000000e+00     0.0000000000e+00     0.0000000000e+00     0.0000000000e+00                  NaN     1.0000000000e+04
  26 Mogi1_Volume_Increase_in_m3_____     0.0000000000e+00     0.0000000000e+00     0.0000000000e+00     0.0000000000e+00                  NaN     1.0000000000e+06
  27 Mogi2_Easting_in_m______________     0.0000000000e+00     0.0000000000e+00     0.0000000000e+00     0.0000000000e+00                  NaN     1.0000000000e+03
  28 Mogi2_Northing_in_m_____________     0.0000000000e+00     0.0000000000e+00     0.0000000000e+00     0.0000000000e+00                  NaN     1.0000000000e+03
  29 Mogi2_Depth_in_m________________     0.0000000000e+00     0.0000000000e+00     0.0000000000e+00     0.0000000000e+00                  NaN     1.0000000000e+04
  30 Mogi2_Volume_Increase_in_m3_____     0.0000000000e+00     0.0000000000e+00     0.0000000000e+00     0.0000000000e+00                  NaN     1.0000000000e+06
  31 Okada1_Length_in_m______________     5.0000000000e+03     5.8196454111e+03     4.0000000000e+03     6.0000000000e+03     1.0000000000e+03     1.0000000000e+03
  32 Okada1_Width_in_m_______________     6.0000000000e+03     5.5849330040e+03     5.0000000000e+03     7.0000000000e+03     1.0000000000e+03     1.0000000000e+03
  33 Okada1_Depth_in_m_______________     4.0000000000e+03     4.4028947763e+03     3.5000000000e+03     4.5000000000e+03     5.0000000000e+02     1.0000000000e+03
  34 Okada1_Negative_Dip_in_deg______    -6.0000000000e+01    -5.7862228444e+01    -8.0000000000e+01    -4.0000000000e+01     2.0000000000e+01     1.0000000000e+00
  35 Okada1_Strike_CCW_from_N_in_deg_     2.5000000000e+01     3.4960543231e+01     1.5000000000e+01     3.5000000000e+01     1.0000000000e+01     1.0000000000e+00
  36 Okada1_Easting_in_m_____________     5.3200000000e+05     5.3195267424e+05     5.3100000000e+05     5.3300000000e+05     1.0000000000e+03     1.0000000000e+03
  37 Okada1_Northing_in_m____________     4.2450000000e+06     4.2447045684e+06     4.2440000000e+06     4.2460000000e+06     1.0000000000e+03     1.0000000000e+03
  38 Okada1_RL_Strike_Slip_in_m______     2.5000000000e-01     2.0041242953e-01     2.0000000000e-01     3.0000000000e-01     5.0000000000e-02     1.0000000000e-03
  39 Okada1_Downdip_Slip_in_m________     5.0000000000e-01     5.4966657741e-01     4.5000000000e-01     5.5000000000e-01     5.0000000000e-02     1.0000000000e-03
  40 Okada1_Tensile_Opening_in_m_____     0.0000000000e+00     0.0000000000e+00     0.0000000000e+00     0.0000000000e+00                  NaN     1.0000000000e-03
  41 Okada2_Length_in_m______________     0.0000000000e+00     0.0000000000e+00     0.0000000000e+00     0.0000000000e+00                  NaN     1.0000000000e+03
  42 Okada2_Width_in_m_______________     0.0000000000e+00     0.0000000000e+00     0.0000000000e+00     0.0000000000e+00                  NaN     1.0000000000e+03
  43 Okada2_Depth_in_m_______________     0.0000000000e+00     0.0000000000e+00     0.0000000000e+00     0.0000000000e+00                  NaN     1.0000000000e+03
  44 Okada2_Negative_Dip_in_deg______     0.0000000000e+00     0.0000000000e+00     0.0000000000e+00     0.0000000000e+00                  NaN     1.0000000000e+00
  45 Okada2_Strike_CCW_from_N_in_deg_     0.0000000000e+00     0.0000000000e+00     0.0000000000e+00     0.0000000000e+00                  NaN     1.0000000000e+00
  46 Okada2_Easting_in_m_____________     0.0000000000e+00     0.0000000000e+00     0.0000000000e+00     0.0000000000e+00                  NaN     1.0000000000e+03
  47 Okada2_Northing_in_m____________     0.0000000000e+00     0.0000000000e+00     0.0000000000e+00     0.0000000000e+00                  NaN     1.0000000000e+03
  48 Okada2_RL_Strike_Slip_in_m______     0.0000000000e+00     0.0000000000e+00     0.0000000000e+00     0.0000000000e+00                  NaN     1.0000000000e-03
  49 Okada2_Downdip_Slip_in_m________     0.0000000000e+00     0.0000000000e+00     0.0000000000e+00     0.0000000000e+00                  NaN     1.0000000000e-03
  50 Okada2_Tensile_Opening_in_m_____     0.0000000000e+00     0.0000000000e+00     0.0000000000e+00     0.0000000000e+00                  NaN     1.0000000000e-03
  51 YangPS_Easting_in_m_____________     0.0000000000e+00     0.0000000000e+00     0.0000000000e+00     0.0000000000e+00                  NaN     1.0000000000e+03
  52 YangPS_Northing_in_m____________     0.0000000000e+00     0.0000000000e+00     0.0000000000e+00     0.0000000000e+00                  NaN     1.0000000000e+03
  53 YangPS_Depth_in_m_______________     0.0000000000e+00     0.0000000000e+00     0.0000000000e+00     0.0000000000e+00                  NaN     1.0000000000e+03
  54 YangPS_Excess_Pressure_in_Pa____     0.0000000000e+00     0.0000000000e+00     0.0000000000e+00     0.0000000000e+00                  NaN     1.0000000000e-03
  55 YangPS_semimajor_axis_a__m______     0.0000000000e+00     0.0000000000e+00     0.0000000000e+00     0.0000000000e+00                  NaN     1.0000000000e+03
  56 YangPS_semiminor_axis_b_in_m____     0.0000000000e+00     0.0000000000e+00     0.0000000000e+00     0.0000000000e+00                  NaN     1.0000000000e+03
  57 YangPS_Azimuth_deg_CCW_from_N___     0.0000000000e+00     0.0000000000e+00     0.0000000000e+00     0.0000000000e+00                  NaN     1.0000000000e+00
  58 YangPS_Plunge_in_degrees________     0.0000000000e+00     0.0000000000e+00     0.0000000000e+00     0.0000000000e+00                  NaN     1.0000000000e+00
  59 YangPS_Empty1___________________     0.0000000000e+00     0.0000000000e+00     0.0000000000e+00     0.0000000000e+00                  NaN     1.0000000000e-03
  60 YangPS_Empty2___________________     0.0000000000e+00     0.0000000000e+00     0.0000000000e+00     0.0000000000e+00                  NaN     1.0000000000e-03
  61 Poisson_Ratio_dimless___________     2.5000000000e-01     2.3001755173e-01     2.3000000000e-01     2.7000000000e-01     2.0000000000e-02     1.0000000000e-03
  62 Shear_Modulus_in_Pa_____________     3.0000000000e+10     3.0000000000e+10     3.0000000000e+10     3.0000000000e+10                  NaN     1.0000000000e+10
  63 Reference_Epoch_in_years________     2.0071397000e+03     2.0071397000e+03     2.0071397000e+03     2.0071397000e+03                  NaN     1.0000000000e+00
  64 Young_s_Modulus_in_Pa_for_Pinel_     0.0000000000e+00     0.0000000000e+00     0.0000000000e+00     0.0000000000e+00                  NaN     1.0000000000e+09
  65 Density_of_load_in_kg_per_m3____     0.0000000000e+00     0.0000000000e+00     0.0000000000e+00     0.0000000000e+00                  NaN     1.0000000000e+03
  66 Grav_Acc_in_m_per_s_per_s_______     0.0000000000e+00     0.0000000000e+00     0.0000000000e+00     0.0000000000e+00                  NaN     1.0000000000e+00
  67 Poisson_Ratio_dimless_for_Pinel_     0.0000000000e+00     0.0000000000e+00     0.0000000000e+00     0.0000000000e+00                  NaN     1.0000000000e+10
  68 SunDisk1_Easting_in_m___________     0.0000000000e+00     0.0000000000e+00     0.0000000000e+00     0.0000000000e+00                  NaN     1.0000000000e+03
  69 SunDisk1_Northing_in_m__________     0.0000000000e+00     0.0000000000e+00     0.0000000000e+00     0.0000000000e+00                  NaN     1.0000000000e+03
  70 SunDisk1_Depth_in_m_____________     0.0000000000e+00     0.0000000000e+00     0.0000000000e+00     0.0000000000e+00                  NaN     1.0000000000e+03
  71 SunDisk1_Excess_Pressure_in_Pa__     0.0000000000e+00     0.0000000000e+00     0.0000000000e+00     0.0000000000e+00                  NaN     1.0000000000e-03
  72 SunDisk1_Radius_a_in_m__________     0.0000000000e+00     0.0000000000e+00     0.0000000000e+00     0.0000000000e+00                  NaN     1.0000000000e+03
  73 SunDisk2_Easting_in_m___________     0.0000000000e+00     0.0000000000e+00     0.0000000000e+00     0.0000000000e+00                  NaN     1.0000000000e+03
  74 SunDisk2_Northing_in_m__________     0.0000000000e+00     0.0000000000e+00     0.0000000000e+00     0.0000000000e+00                  NaN     1.0000000000e+03
  75 SunDisk2_Depth_in_m_____________     0.0000000000e+00     0.0000000000e+00     0.0000000000e+00     0.0000000000e+00                  NaN     1.0000000000e+03
  76 SunDisk2_Excess_Pressure_in_Pa__     0.0000000000e+00     0.0000000000e+00     0.0000000000e+00     0.0000000000e+00                  NaN     1.0000000000e-03
  77 SunDisk2_Radius_a_in_m__________     0.0000000000e+00     0.0000000000e+00     0.0000000000e+00     0.0000000000e+00                  NaN     1.0000000000e+03
  78 Poisson_Ratio_dimless_drained___     0.0000000000e+00     0.0000000000e+00     0.0000000000e+00     0.0000000000e+00                  NaN     1.0000000000e-03
  79 Okada3_Length_in_m______________     0.0000000000e+00     0.0000000000e+00     0.0000000000e+00     0.0000000000e+00                  NaN     1.0000000000e+03
  80 Okada3_Width_in_m_______________     0.0000000000e+00     0.0000000000e+00     0.0000000000e+00     0.0000000000e+00                  NaN     1.0000000000e+03
  81 Okada3_Depth_in_m_______________     0.0000000000e+00     0.0000000000e+00     0.0000000000e+00     0.0000000000e+00                  NaN     1.0000000000e+03
  82 Okada3_Negative_Dip_in_deg______     0.0000000000e+00     0.0000000000e+00     0.0000000000e+00     0.0000000000e+00                  NaN     1.0000000000e+00
  83 Okada3_Strike_CCW_from_N_in_deg_     0.0000000000e+00     0.0000000000e+00     0.0000000000e+00     0.0000000000e+00                  NaN     1.0000000000e+00
  84 Okada3_Easting_in_m_____________     0.0000000000e+00     0.0000000000e+00     0.0000000000e+00     0.0000000000e+00                  NaN     1.0000000000e+03
  85 Okada3_Northing_in_m____________     0.0000000000e+00     0.0000000000e+00     0.0000000000e+00     0.0000000000e+00                  NaN     1.0000000000e+03
  86 Okada3_RL_Strike_Slip_in_m______     0.0000000000e+00     0.0000000000e+00     0.0000000000e+00     0.0000000000e+00                  NaN     1.0000000000e-03
  87 Okada3_Downdip_Slip_in_m________     0.0000000000e+00     0.0000000000e+00     0.0000000000e+00     0.0000000000e+00                  NaN     1.0000000000e-03
  88 Okada3_Tensile_Opening_in_m_____     0.0000000000e+00     0.0000000000e+00     0.0000000000e+00     0.0000000000e+00                  NaN     1.0000000000e-03
  89 CS_Easting_in_m_________________     0.0000000000e+00     0.0000000000e+00     0.0000000000e+00     0.0000000000e+00                  NaN     1.0000000000e+03
  90 CS_Northing_in_m________________     0.0000000000e+00     0.0000000000e+00     0.0000000000e+00     0.0000000000e+00                  NaN     1.0000000000e+03
  91 CS_POR_Log10_of_Porosity________     0.0000000000e+00     0.0000000000e+00     0.0000000000e+00     0.0000000000e+00                  NaN     1.0000000000e+00
  92 CS_PER_Log10_Permeability_m2____     0.0000000000e+00     0.0000000000e+00     0.0000000000e+00     0.0000000000e+00                  NaN     1.0000000000e+00
  93 Total_Net_Volume_Increase_in_m3_     0.0000000000e+00     0.0000000000e+00                  NaN                  NaN                  NaN                  NaN
  94 Okada1_Centroid_Easting_in_m____     5.3064053832e+05     5.3073526045e+05                  NaN                  NaN                  NaN                  NaN
  95 Okada1_Centroid_Northing_in_m___     4.2456339274e+06     4.2455557619e+06                  NaN                  NaN                  NaN                  NaN
  96 Okada1_Centroid_latitude__in_deg     3.8358348501e+01     3.8357640812e+01                  NaN                  NaN                  NaN                  NaN
  97 Okada1_Centroid_longitude_in_deg     3.9350704613e+01     3.9351785353e+01                  NaN                  NaN                  NaN                  NaN
  98 Okada1_Convt_strike_in_deg_CW_N_     2.0500000000e+02     2.1496054323e+02                  NaN                  NaN     1.0000000000e+01                  NaN
  99 Derived_Okada1_rake_in_deg_CCW__    -2.6565051177e+01    -2.0032223171e+01                  NaN                  NaN                  NaN                  NaN
 100 Derived_Okada1_potency_in_m3____     1.6770509831e+07     1.9015904267e+07                  NaN                  NaN     0.0000000000e+00                  NaN
 101 Derived_Okada1_moment_in_Nm_____     5.0311529494e+17     5.7047712801e+17                  NaN                  NaN                  NaN                  NaN
 102 Derived_Okada1_Mw_______________     5.7711116802e+00     5.8074921580e+00                  NaN                  NaN                  NaN                  NaN
 103 Youngs_Modulus_in_Pa____________     7.5000000000e+10     7.5000000000e+10                  NaN                  NaN                  NaN                  NaN
 104 Pair_00001_MiniRange_m_MOD______    -1.7218278010e-02    -2.5410884735e-02                  NaN                  NaN     1.9772229059e-02                  NaN
 105 Pair_00001_MaxiRange_m_MOD______     6.9879523574e-02     6.9790401946e-02                  NaN                  NaN     1.9772229059e-02                  NaN
