66 funseparable20 
PST.i(i),char(PST.names{i}),PST.p0(i),PST.p1(i),PST.lb(i),PST.ub(i),PST.sigma(i),PST.scale(i)
   1 time_fn_@_epoch_001_in_years____     2.0053836000e+03     2.0053836000e+03     2.0053836000e+03     2.0053836000e+03                  NaN     1.0000000000e+00
   2 time_fn_@_epoch_002_in_years____     2.0075890000e+03     2.0075890000e+03     2.0075890000e+03     2.0075890000e+03                  NaN     1.0000000000e+00
   3 E_grad__@_epoch_001_dimless_____     0.0000000000e+00     0.0000000000e+00     0.0000000000e+00     0.0000000000e+00                  NaN     1.0000000000e-06
   4 E_grad__@_epoch_002_dimless_____     0.0000000000e+00     0.0000000000e+00     0.0000000000e+00     0.0000000000e+00                  NaN     1.0000000000e-06
   5 N_grad__@_epoch_001_dimless_____     0.0000000000e+00     0.0000000000e+00     0.0000000000e+00     0.0000000000e+00     0.0000000000e+00     1.0000000000e-06
   6 N_grad__@_epoch_002_dimless_____     0.0000000000e+00     0.0000000000e+00     0.0000000000e+00     0.0000000000e+00     0.0000000000e+00     1.0000000000e-06
   7 U_grad__@_epoch_001_dimless_____     0.0000000000e+00     0.0000000000e+00     0.0000000000e+00     0.0000000000e+00     0.0000000000e+00     1.0000000000e-06
   8 U_grad__@_epoch_002_dimless_____     0.0000000000e+00     0.0000000000e+00     0.0000000000e+00     0.0000000000e+00     0.0000000000e+00     1.0000000000e-06
   9 OrbitHoriz_@_epoch_001_in_m_____     0.0000000000e+00     0.0000000000e+00     0.0000000000e+00     0.0000000000e+00     0.0000000000e+00     1.0000000000e+00
  10 OrbitHoriz_@_epoch_002_in_m_____     0.0000000000e+00     0.0000000000e+00     0.0000000000e+00     0.0000000000e+00     0.0000000000e+00     1.0000000000e+00
  11 OrbitAlong_@_epoch_001_in_m_____     0.0000000000e+00     0.0000000000e+00     0.0000000000e+00     0.0000000000e+00     0.0000000000e+00     1.0000000000e+00
  12 OrbitAlong_@_epoch_002_in_m_____     0.0000000000e+00     0.0000000000e+00     0.0000000000e+00     0.0000000000e+00     0.0000000000e+00     1.0000000000e+00
  13 OrbitVerti_@_epoch_001_in_m_____     0.0000000000e+00     0.0000000000e+00     0.0000000000e+00     0.0000000000e+00     0.0000000000e+00     1.0000000000e+00
  14 OrbitVerti_@_epoch_002_in_m_____     0.0000000000e+00     0.0000000000e+00     0.0000000000e+00     0.0000000000e+00     0.0000000000e+00     1.0000000000e+00
  15 OrbitVelH__@_epoch_001_m_per_s__     0.0000000000e+00     0.0000000000e+00     0.0000000000e+00     0.0000000000e+00     0.0000000000e+00     1.0000000000e+00
  16 OrbitVelH__@_epoch_002_m_per_s__     0.0000000000e+00     0.0000000000e+00     0.0000000000e+00     0.0000000000e+00     0.0000000000e+00     1.0000000000e+00
  17 OrbitVelA__@_epoch_001_m_per_s__     0.0000000000e+00     0.0000000000e+00     0.0000000000e+00     0.0000000000e+00     0.0000000000e+00     1.0000000000e+00
  18 OrbitVelA__@_epoch_002_m_per_s__     0.0000000000e+00     0.0000000000e+00     0.0000000000e+00     0.0000000000e+00     0.0000000000e+00     1.0000000000e+00
  19 OrbitVelV__@_epoch_001_m_per_s__     0.0000000000e+00     0.0000000000e+00     0.0000000000e+00     0.0000000000e+00     0.0000000000e+00     1.0000000000e+00
  20 OrbitVelV__@_epoch_002_m_per_s__     0.0000000000e+00     0.0000000000e+00     0.0000000000e+00     0.0000000000e+00     0.0000000000e+00     1.0000000000e+00
  21 Offset__@_epoch_001_in_cycles___     0.0000000000e+00     0.0000000000e+00     0.0000000000e+00     0.0000000000e+00     0.0000000000e+00     1.0000000000e-01
  22 Offset__@_epoch_002_in_cycles___     0.0000000000e+00     0.0000000000e+00     0.0000000000e+00     0.0000000000e+00     0.0000000000e+00     1.0000000000e-01
  23 Mogi1_Easting_in_m______________     0.0000000000e+00     0.0000000000e+00     0.0000000000e+00     0.0000000000e+00     0.0000000000e+00     1.0000000000e+03
  24 Mogi1_Northing_in_m_____________     0.0000000000e+00     0.0000000000e+00     0.0000000000e+00     0.0000000000e+00     0.0000000000e+00     1.0000000000e+03
  25 Mogi1_Depth_in_m________________     0.0000000000e+00     0.0000000000e+00     0.0000000000e+00     0.0000000000e+00     0.0000000000e+00     1.0000000000e+04
  26 Mogi1_Volume_Increase_in_m3_____     0.0000000000e+00     0.0000000000e+00     0.0000000000e+00     0.0000000000e+00     0.0000000000e+00     1.0000000000e+06
  27 Mogi2_Easting_in_m______________     0.0000000000e+00     0.0000000000e+00     0.0000000000e+00     0.0000000000e+00     0.0000000000e+00     1.0000000000e+03
  28 Mogi2_Northing_in_m_____________     0.0000000000e+00     0.0000000000e+00     0.0000000000e+00     0.0000000000e+00     0.0000000000e+00     1.0000000000e+03
  29 Mogi2_Depth_in_m________________     0.0000000000e+00     0.0000000000e+00     0.0000000000e+00     0.0000000000e+00     0.0000000000e+00     1.0000000000e+04
  30 Mogi2_Volume_Increase_in_m3_____     0.0000000000e+00     0.0000000000e+00     0.0000000000e+00     0.0000000000e+00     0.0000000000e+00     1.0000000000e+06
  31 Okada1_Length_in_m______________     8.0000000000e+03     6.1368005373e+03     3.0000000000e+03     1.3000000000e+04     5.0000000000e+03     1.0000000000e+03
  32 Okada1_Width_in_m_______________     9.0000000000e+03     4.1429668423e+03     4.0000000000e+03     1.4000000000e+04     5.0000000000e+03     1.0000000000e+03
  33 Okada1_Depth_in_m_______________     4.7000000000e+03     4.3411523602e+03    -3.0000000000e+02     9.7000000000e+03     3.6294238199e+03     1.0000000000e+03
  34 Okada1_Negative_Dip_in_deg______    -6.0000000000e+01    -5.0070593281e+01    -7.0000000000e+01    -5.0000000000e+01     1.0000000000e+01     1.0000000000e+00
  35 Okada1_Strike_CCW_from_N_in_deg_     2.5000000000e+01     2.4176496173e+01     1.5000000000e+01     3.5000000000e+01     1.0000000000e+01     1.0000000000e+00
  36 Okada1_Easting_in_m_____________     5.3474300000e+05     5.3099774526e+05     5.2974300000e+05     5.3974300000e+05     2.9000000000e+03     1.0000000000e+03
  37 Okada1_Northing_in_m____________     4.2456400000e+06     4.2457850240e+06     4.2406400000e+06     4.2506400000e+06     5.0000000000e+03     1.0000000000e+03
  38 Okada1_RL_Strike_Slip_in_m______     1.2000000000e-01     6.8940179145e-02     2.0000000000e-02     2.2000000000e-01     1.0000000000e-01     1.0000000000e-03
  39 Okada1_Downdip_Slip_in_m________     2.2000000000e-01     2.9966148092e-01     1.2000000000e-01     3.2000000000e-01     1.0000000000e-01     1.0000000000e-03
  40 Okada1_Tensile_Opening_in_m_____     0.0000000000e+00     0.0000000000e+00     0.0000000000e+00     0.0000000000e+00     0.0000000000e+00     1.0000000000e-03
  41 Okada2_Length_in_m______________     8.0000000000e+03     4.7838857349e+03     3.0000000000e+03     1.3000000000e+04     5.0000000000e+03     1.0000000000e+03
  42 Okada2_Width_in_m_______________     9.0000000000e+03     5.0834047814e+03     4.0000000000e+03     1.4000000000e+04     5.0000000000e+03     1.0000000000e+03
  43 Okada2_Depth_in_m_______________     1.0000000000e+03     1.9750256323e+03     1.0000000000e+00     1.9990000000e+03     7.4125718385e+02     1.0000000000e+03
  44 Okada2_Negative_Dip_in_deg______    -6.0000000000e+01    -5.0613157710e+01    -7.0000000000e+01    -5.0000000000e+01     1.0000000000e+01     1.0000000000e+00
  45 Okada2_Strike_CCW_from_N_in_deg_     2.5000000000e+01     1.7126956308e+01     1.5000000000e+01     3.5000000000e+01     1.0000000000e+01     1.0000000000e+00
  46 Okada2_Easting_in_m_____________     5.3474300000e+05     5.3377793173e+05     5.2974300000e+05     5.3974300000e+05     4.5825341337e+03     1.0000000000e+03
  47 Okada2_Northing_in_m____________     4.2456400000e+06     4.2456588264e+06     4.2406400000e+06     4.2506400000e+06     5.0000000000e+03     1.0000000000e+03
  48 Okada2_RL_Strike_Slip_in_m______     1.2000000000e-01     1.1596297719e-01     2.0000000000e-02     2.2000000000e-01     1.0000000000e-01     1.0000000000e-03
  49 Okada2_Downdip_Slip_in_m________     2.2000000000e-01     1.2176499438e-01     1.2000000000e-01     3.2000000000e-01     1.8400000000e-01     1.0000000000e-03
  50 Okada2_Tensile_Opening_in_m_____     0.0000000000e+00     0.0000000000e+00     0.0000000000e+00     0.0000000000e+00     0.0000000000e+00     1.0000000000e-03
  51 YangPS_Easting_in_m_____________     0.0000000000e+00     0.0000000000e+00     0.0000000000e+00     0.0000000000e+00     0.0000000000e+00     1.0000000000e+03
  52 YangPS_Northing_in_m____________     0.0000000000e+00     0.0000000000e+00     0.0000000000e+00     0.0000000000e+00     0.0000000000e+00     1.0000000000e+03
  53 YangPS_Depth_in_m_______________     0.0000000000e+00     0.0000000000e+00     0.0000000000e+00     0.0000000000e+00     0.0000000000e+00     1.0000000000e+03
  54 YangPS_Excess_Pressure_in_Pa____     0.0000000000e+00     0.0000000000e+00     0.0000000000e+00     0.0000000000e+00     0.0000000000e+00     1.0000000000e-03
  55 YangPS_semimajor_axis_a__m______     0.0000000000e+00     0.0000000000e+00     0.0000000000e+00     0.0000000000e+00     0.0000000000e+00     1.0000000000e+03
  56 YangPS_semiminor_axis_b_in_m____     0.0000000000e+00     0.0000000000e+00     0.0000000000e+00     0.0000000000e+00     0.0000000000e+00     1.0000000000e+03
  57 YangPS_Azimuth_deg_CCW_from_N___     0.0000000000e+00     0.0000000000e+00     0.0000000000e+00     0.0000000000e+00     0.0000000000e+00     1.0000000000e+00
  58 YangPS_Plunge_in_degrees________     0.0000000000e+00     0.0000000000e+00     0.0000000000e+00     0.0000000000e+00     0.0000000000e+00     1.0000000000e+00
  59 YangPS_Empty1___________________     0.0000000000e+00     0.0000000000e+00     0.0000000000e+00     0.0000000000e+00     0.0000000000e+00     1.0000000000e-03
  60 YangPS_Empty2___________________     0.0000000000e+00     0.0000000000e+00     0.0000000000e+00     0.0000000000e+00     0.0000000000e+00     1.0000000000e-03
  61 Poisson_Ratio_dimless___________     2.5000000000e-01     2.5000000000e-01     2.5000000000e-01     2.5000000000e-01     0.0000000000e+00     1.0000000000e-03
  62 Shear_Modulus_in_Pa_____________     3.0000000000e+10     3.0000000000e+10     3.0000000000e+10     3.0000000000e+10     0.0000000000e+00     1.0000000000e+10
  63 Reference_Epoch_in_years________     2.0071397000e+03     2.0071397000e+03     2.0071397000e+03     2.0071397000e+03     0.0000000000e+00     1.0000000000e+00
  64 Young_s_Modulus_in_Pa___________     0.0000000000e+00     0.0000000000e+00     0.0000000000e+00     0.0000000000e+00     0.0000000000e+00     1.0000000000e+09
  65 Density_of_ice_in_kg_per_m3_____     0.0000000000e+00     0.0000000000e+00     0.0000000000e+00     0.0000000000e+00     0.0000000000e+00     1.0000000000e+03
  66 Grav_Acc_in_m_per_s_per_s_______     0.0000000000e+00     0.0000000000e+00     0.0000000000e+00     0.0000000000e+00     0.0000000000e+00     1.0000000000e+00
