x_20150609_191240/x_demoZ4.out x_20150609_191240/x Development version 2.9 of 09-Jun-2015 17:48:14
Species A:     1     2
Species A Member  1 Pair   1 M   1001 S   1002                                                          psp_16851_28374_ort.pha
Species A Member  2 Pair   1 M   1001 S   1002                                                          psp_16851_28374_ort.pha

Total Average Cost of null    model = 0.2445 cycles per datum for       7419 observations in data set for inversion
Total Average Cost of initial model = 0.2127 cycles per datum for       7419 observations in data set for inversion
Total Average Cost of final   model = 0.1817 cycles per datum for       7419 observations in data set for inversion
Cost  of null  model   = 0.2444505 cycles per datum for   7419 observations in inverted data set x_20150609_191240/x
Cost  of initl model   = 0.2127280 cycles per datum for   7419 observations in inverted data set x_20150609_191240/x
Cost  of final model   = 0.1817009 cycles per datum for   7419 observations in inverted data set x_20150609_191240/x
Cost  improvement      = 0.0310271 cycles per datum for   7419 observations in inverted data set x_20150609_191240/x
Critical value of cost = 0.1845269 cycles per datum for   7419 observations in inverted data set x_20150609_191240/x
Mean direction of residuals from null     model              = 0.1881 cycles
Mean direction of residuals from initial  model              = 0.7796 cycles
Mean direction of residuals from final    model              = 0.9995 cycles
Circular standard deviation of residuals from final    model = 0.2378 cycles
Mean Resultant Length for residuals for NULL  model Rbar00   =     0.0934
Mean Resultant Length for residuals for initl model Rbar0    =     0.2111
Mean Resultant Length for residuals for final model Rbar1    =     0.3276
Concentration Parameter of residuals for NULL  model Kappa00 =     0.1876
Concentration Parameter of residuals for initl model Kappa0  =     0.4320
Concentration Parameter of residuals for final model Kappa0  =     0.6938
P-value of Test Statistic P00                                =     0.0000
P-value of Test Statistic P0                                 =     0.0000
Test Statistic for mean direction of residuals En00          =        NaN
Test Statistic for mean direction of residuals En0           =        NaN
Test Statistic for mean direction of residuals En1           =        NaN
I          Name     P0(pre-fit)              P1(post-fit)     Adjust.   Sigma[1] Significance PlusMinusBound
F#   1 time_fn_@_epoch_001_in_years____  2005.3836  2005.3836     0.0000        NaN     NaN     0.0000
F#   2 time_fn_@_epoch_002_in_years____  2007.5890  2007.5890     0.0000        NaN     NaN     0.0000
F#   3 E_grad__@_epoch_001_dimless_____   0.00e+00   0.00e+00   0.00e+00        NaN     NaN   0.00e+00
F#   4 E_grad__@_epoch_002_dimless_____   0.00e+00   0.00e+00   0.00e+00        NaN     NaN   0.00e+00
F#   5 N_grad__@_epoch_001_dimless_____   0.00e+00   0.00e+00   0.00e+00        NaN     NaN   0.00e+00
F#   6 N_grad__@_epoch_002_dimless_____   0.00e+00   0.00e+00   0.00e+00        NaN     NaN   0.00e+00
F#   7 U_grad__@_epoch_001_dimless_____  -1.00e-05  -1.00e-05   0.00e+00        NaN     NaN   0.00e+00
E#   8 U_grad__@_epoch_002_dimless_____  -1.00e-05  -1.80e-05  -8.04e-06   5.51e-06     1.5   1.00e-05
F#   9 OrbitHoriz_@_epoch_001_in_m_____   0.00e+00   0.00e+00   0.00e+00        NaN     NaN   0.00e+00
F#  10 OrbitHoriz_@_epoch_002_in_m_____   0.00e+00   0.00e+00   0.00e+00        NaN     NaN   0.00e+00
F#  11 OrbitAlong_@_epoch_001_in_m_____   0.00e+00   0.00e+00   0.00e+00        NaN     NaN   0.00e+00
F#  12 OrbitAlong_@_epoch_002_in_m_____   0.00e+00   0.00e+00   0.00e+00        NaN     NaN   0.00e+00
F#  13 OrbitVerti_@_epoch_001_in_m_____   0.00e+00   0.00e+00   0.00e+00        NaN     NaN   0.00e+00
F#  14 OrbitVerti_@_epoch_002_in_m_____   0.00e+00   0.00e+00   0.00e+00        NaN     NaN   0.00e+00
F#  15 OrbitVelH__@_epoch_001_m_per_s__   0.00e+00   0.00e+00   0.00e+00        NaN     NaN   0.00e+00
F#  16 OrbitVelH__@_epoch_002_m_per_s__   0.00e+00   0.00e+00   0.00e+00        NaN     NaN   0.00e+00
F#  17 OrbitVelA__@_epoch_001_m_per_s__   0.00e+00   0.00e+00   0.00e+00        NaN     NaN   0.00e+00
F#  18 OrbitVelA__@_epoch_002_m_per_s__   0.00e+00   0.00e+00   0.00e+00        NaN     NaN   0.00e+00
F#  19 OrbitVelV__@_epoch_001_m_per_s__   0.00e+00   0.00e+00   0.00e+00        NaN     NaN   0.00e+00
F#  20 OrbitVelV__@_epoch_002_m_per_s__   0.00e+00   0.00e+00   0.00e+00        NaN     NaN   0.00e+00
F#  21 Offset__@_epoch_001_in_cycles___   0.00e+00   0.00e+00   0.00e+00        NaN     NaN   0.00e+00
F#  22 Offset__@_epoch_002_in_cycles___     0.0000    -0.2315    -0.2315        NaN     NaN     0.5000
F#  23 Mogi1_Easting_in_m______________        0.0        0.0        0.0        NaN     NaN        0.0
F#  24 Mogi1_Northing_in_m_____________        0.0        0.0        0.0        NaN     NaN        0.0
F#  25 Mogi1_Depth_in_m________________   0.00e+00   0.00e+00   0.00e+00        NaN     NaN   0.00e+00
F#  26 Mogi1_Depth_in_m________________   0.00e+00   0.00e+00   0.00e+00        NaN     NaN   0.00e+00
F#  27 Mogi1_Volume_Increase_in_m3_____   0.00e+00   0.00e+00   0.00e+00        NaN     NaN   0.00e+00
F#  28 Mogi2_Easting_in_m______________        0.0        0.0        0.0        NaN     NaN        0.0
F#  29 Mogi2_Northing_in_m_____________        0.0        0.0        0.0        NaN     NaN        0.0
F#  30 Mogi2_Depth_in_m________________   0.00e+00   0.00e+00   0.00e+00        NaN     NaN   0.00e+00
F#  31 Mogi2_Volume_Increase_in_m3_____   0.00e+00   0.00e+00   0.00e+00        NaN     NaN   0.00e+00
E#  32 Okada1_Length_in_m______________  5000.0000  4308.0738  -691.9262   424.3164    1.63  1000.0000
E#  33 Okada1_Width_in_m_______________  6000.0000  5035.3854  -964.6146   314.9414    3.06  1000.0000
E#  34 Okada1_Centroid_Depth_in_m______  5000.0000  5999.9760   999.9760    82.5195   12.12  1000.0000
E#  35 Okada1_Dip_in_deg_______________    60.0000    65.9941     5.9941     4.1699    1.44    20.0000
E#  36 Okada1_Strike_CW_from_N_in_deg__   205.0000   206.0934     1.0934     7.1875    0.15    10.0000
E#  37 Okada1_Centroid_Easting_in_m____   530000.0   530996.9      996.9      183.6    5.43     1000.0
E#  38 Okada1_Centroid_Northing_in_m___  4243000.0  4242682.7     -317.3      431.2    0.74     1000.0
E#  39 Okada1_Coplanar_slip_in_m_______     0.3000     0.2919    -0.0081     0.0447    0.18     0.5000
E#  40 Okada1_Rake_in_deg_CCW__________   -26.0000   -28.7569    -2.7569     4.8975    0.56    10.0000
F#  41 Okada1_Tensile_Opening_in_m_____   0.00e+00   0.00e+00   0.00e+00        NaN     NaN   0.00e+00
F#  42 Okada2_Length_in_m______________   0.00e+00   0.00e+00   0.00e+00        NaN     NaN   0.00e+00
F#  43 Okada2_Width_in_m_______________   0.00e+00   0.00e+00   0.00e+00        NaN     NaN   0.00e+00
F#  44 Okada2_Centroid_Depth_in_m______   0.00e+00   0.00e+00   0.00e+00        NaN     NaN   0.00e+00
F#  45 Okada2_Dip_in_deg_______________   0.00e+00   0.00e+00   0.00e+00        NaN     NaN   0.00e+00
F#  46 Okada2_Strike_CW_from_N_in_deg__   0.00e+00   0.00e+00   0.00e+00        NaN     NaN   0.00e+00
F#  47 Okada2_Centroid_Easting_in_m____        0.0        0.0        0.0        NaN     NaN        0.0
F#  48 Okada2_Centroid_Northing_in_m___        0.0        0.0        0.0        NaN     NaN        0.0
F#  49 Okada2_Coplanar_slip_in_m_______   0.00e+00   0.00e+00   0.00e+00        NaN     NaN   0.00e+00
F#  50 Okada2_Rake_in_deg_CCW__________   0.00e+00   0.00e+00   0.00e+00        NaN     NaN   0.00e+00
F#  51 Okada2_Tensile_Opening_in_m_____   0.00e+00   0.00e+00   0.00e+00        NaN     NaN   0.00e+00
F#  52 YangPS_Easting_in_m_____________        0.0        0.0        0.0        NaN     NaN        0.0
F#  53 YangPS_Northing_in_m____________        0.0        0.0        0.0        NaN     NaN        0.0
F#  54 YangPS_Depth_in_m_______________   0.00e+00   0.00e+00   0.00e+00        NaN     NaN   0.00e+00
F#  55 YangPS_Excess_Pressure_in_Pa____   0.00e+00   0.00e+00   0.00e+00        NaN     NaN   0.00e+00
F#  56 YangPS_semimajor_axis_a__m______   0.00e+00   0.00e+00   0.00e+00        NaN     NaN   0.00e+00
F#  57 YangPS_semiminor_axis_b_in_m____   0.00e+00   0.00e+00   0.00e+00        NaN     NaN   0.00e+00
F#  58 YangPS_Azimuth_deg_CCW_from_N___   0.00e+00   0.00e+00   0.00e+00        NaN     NaN   0.00e+00
F#  59 YangPS_Plunge_in_degrees________   0.00e+00   0.00e+00   0.00e+00        NaN     NaN   0.00e+00
F#  60 YangPS_Empty1___________________   0.00e+00   0.00e+00   0.00e+00        NaN     NaN   0.00e+00
F#  61 YangPS_Empty2___________________   0.00e+00   0.00e+00   0.00e+00        NaN     NaN   0.00e+00
F#  62 Poisson_Ratio_dimless___________   0.00e+00   0.00e+00   0.00e+00        NaN     NaN   0.00e+00
F#  63 Shear_Modulus_in_Pa_____________   0.00e+00   0.00e+00   0.00e+00        NaN     NaN   0.00e+00
F#  64 Reference_Epoch_in_years________   0.00e+00   0.00e+00   0.00e+00        NaN     NaN   0.00e+00
F#  65 Young_s_Modulus_in_Pa_for_Pinel_   0.00e+00   0.00e+00   0.00e+00        NaN     NaN   0.00e+00
F#  66 Density_of_load_in_kg_per_m3____   0.00e+00   0.00e+00   0.00e+00        NaN     NaN   0.00e+00
F#  67 Grav_Acc_in_m_per_s_per_s_______   0.00e+00   0.00e+00   0.00e+00        NaN     NaN   0.00e+00
F#  68 Poisson_Ratio_dimless_for_Pinel_   0.00e+00   0.00e+00   0.00e+00        NaN     NaN   0.00e+00
F#  69 SunDisk1_Easting_in_m___________        0.0        0.0        0.0        NaN     NaN        0.0
F#  70 SunDisk1_Northing_in_m__________        0.0        0.0        0.0        NaN     NaN        0.0
F#  71 SunDisk1_Depth_in_m_____________   0.00e+00   0.00e+00   0.00e+00        NaN     NaN   0.00e+00
F#  72 SunDisk1_Excess_Pressure_in_Pa__   0.00e+00   0.00e+00   0.00e+00        NaN     NaN   0.00e+00
F#  73 SunDisk1_Radius_a_in_m__________   0.00e+00   0.00e+00   0.00e+00        NaN     NaN   0.00e+00
F#  74 SunDisk2_Easting_in_m___________        0.0        0.0        0.0        NaN     NaN        0.0
F#  75 SunDisk2_Northing_in_m__________        0.0        0.0        0.0        NaN     NaN        0.0
F#  76 SunDisk2_Depth_in_m_____________   0.00e+00   0.00e+00   0.00e+00        NaN     NaN   0.00e+00
F#  77 SunDisk2_Excess_Pressure_in_Pa__   0.00e+00   0.00e+00   0.00e+00        NaN     NaN   0.00e+00
F#  78 SunDisk2_Radius_a_in_m__________   0.00e+00   0.00e+00   0.00e+00        NaN     NaN   0.00e+00
F#  79 Poisson_Ratio_dimless_drained___   0.00e+00   0.00e+00   0.00e+00        NaN     NaN   0.00e+00
F#  80 Okada3_Length_in_m______________   0.00e+00   0.00e+00   0.00e+00        NaN     NaN   0.00e+00
F#  81 Okada3_Width_in_m_______________   0.00e+00   0.00e+00   0.00e+00        NaN     NaN   0.00e+00
F#  82 Okada3_Centroid_Depth_in_m______   0.00e+00   0.00e+00   0.00e+00        NaN     NaN   0.00e+00
F#  83 Okada3_Dip_in_deg_______________   0.00e+00   0.00e+00   0.00e+00        NaN     NaN   0.00e+00
F#  84 Okada3_Strike_CW_from_N_in_deg__   0.00e+00   0.00e+00   0.00e+00        NaN     NaN   0.00e+00
F#  85 Okada3_Centroid_Easting_in_m____        0.0        0.0        0.0        NaN     NaN        0.0
F#  86 Okada3_Centroid_Northing_in_m___        0.0        0.0        0.0        NaN     NaN        0.0
F#  87 Okada3_Coplanar_slip_in_m_______   0.00e+00   0.00e+00   0.00e+00        NaN     NaN   0.00e+00
F#  88 Okada3_Rake_in_deg_CCW__________   0.00e+00   0.00e+00   0.00e+00        NaN     NaN   0.00e+00
F#  89 Okada3_Tensile_Opening_in_m_____   0.00e+00   0.00e+00   0.00e+00        NaN     NaN   0.00e+00
F#  90 Rad_Vel_Center_Easting_in_m_____        0.0        0.0        0.0        NaN     NaN        0.0
F#  91 Rad_Vel_Center_Northing_in_m____        0.0        0.0        0.0        NaN     NaN        0.0
F#  92 Rad_Vel_Evel_in_m_per_yr________   0.00e+00   0.00e+00   0.00e+00        NaN     NaN   0.00e+00
F#  93 Rad_Vel_Nvel_in_m_per_yr________   0.00e+00   0.00e+00   0.00e+00        NaN     NaN   0.00e+00
F#  94 Rad_Vel_Uvel_in_m_per_yr________   0.00e+00   0.00e+00   0.00e+00        NaN     NaN   0.00e+00
F#  95 Rad_Vel_dVdR_in_inverse_yr______   0.00e+00   0.00e+00   0.00e+00        NaN     NaN   0.00e+00
D#  96 Total_Net_Volume_Increase_in_m3_   0.00e+00   0.00e+00   0.00e+00        NaN     NaN        NaN
D#  97 Derived_Okada1_moment_in_Nm_____        NaN        NaN        NaN        NaN     NaN        NaN
D#  98 Derived_Okada1_Mw_______________        NaN        NaN        NaN        NaN     NaN        NaN
D#  99 Pair_00001_MiniRange_m_MOD______  -1.65e-02  -2.00e-02  -3.44e-03   1.11e-02     NaN        NaN
D# 100 Pair_00001_MaxiRange_m_MOD______   9.06e-02   4.11e-02  -4.95e-02   1.11e-02     NaN        NaN
__________________________________________________________
Parameter                         Estimate     Uncertainty
__________________________________________________________
U_grad__@_epoch_002_dimless_____  -1.80e-05 +/-   5.51e-06
Offset__@_epoch_002_in_cycles___    -0.2315 +/-        NaN
Okada1_Length_in_m______________  4308.0738 +/-   424.3164
Okada1_Width_in_m_______________  5035.3854 +/-   314.9414
Okada1_Centroid_Depth_in_m______  5999.9760 +/-    82.5195
Okada1_Dip_in_deg_______________    65.9941 +/-     4.1699
Okada1_Strike_CW_from_N_in_deg__   206.0934 +/-     7.1875
Okada1_Centroid_Easting_in_m____   530996.9 +/-      183.6
Okada1_Centroid_Northing_in_m___  4242682.7 +/-      431.2
Okada1_Coplanar_slip_in_m_______     0.2919 +/-     0.0447
Okada1_Rake_in_deg_CCW__________   -28.7569 +/-     4.8975
Pair_00001_MiniRange_m_MOD______  -2.00e-02 +/-   1.11e-02
Pair_00001_MaxiRange_m_MOD______   4.11e-02 +/-   1.11e-02
__________________________________________________________
