107 funfit28 
PST.i(i),char(PST.names{i}),PST.p0(i),PST.p1(i),PST.lb(i),PST.ub(i),PST.sigma(i),PST.scale(i)
   1 time_fn_@_epoch_001_in_years____     1.9926011000e+03     1.9926011000e+03     1.9926011000e+03     1.9926011000e+03                  NaN     1.0000000000e+00
   2 time_fn_@_epoch_002_in_years____     1.9935589000e+03     1.9935589000e+03     1.9935589000e+03     1.9935589000e+03                  NaN     1.0000000000e+00
   3 E_grad__@_epoch_001_dimless_____    -3.0000000000e-06    -3.0000000000e-06    -3.0000000000e-06    -3.0000000000e-06                  NaN     1.0000000000e-06
   4 E_grad__@_epoch_002_dimless_____     0.0000000000e+00     0.0000000000e+00     0.0000000000e+00     0.0000000000e+00                  NaN     1.0000000000e-06
   5 N_grad__@_epoch_001_dimless_____    -5.5000000000e-06    -5.5000000000e-06    -5.5000000000e-06    -5.5000000000e-06                  NaN     1.0000000000e-06
   6 N_grad__@_epoch_002_dimless_____     0.0000000000e+00     0.0000000000e+00     0.0000000000e+00     0.0000000000e+00                  NaN     1.0000000000e-06
   7 U_grad__@_epoch_001_dimless_____     0.0000000000e+00     0.0000000000e+00     0.0000000000e+00     0.0000000000e+00                  NaN     1.0000000000e-06
   8 U_grad__@_epoch_002_dimless_____     0.0000000000e+00     0.0000000000e+00     0.0000000000e+00     0.0000000000e+00                  NaN     1.0000000000e-06
   9 OrbitHoriz_@_epoch_001_in_m_____     0.0000000000e+00     0.0000000000e+00     0.0000000000e+00     0.0000000000e+00                  NaN     1.0000000000e+00
  10 OrbitHoriz_@_epoch_002_in_m_____     0.0000000000e+00     0.0000000000e+00     0.0000000000e+00     0.0000000000e+00                  NaN     1.0000000000e+00
  11 OrbitAlong_@_epoch_001_in_m_____     0.0000000000e+00     0.0000000000e+00     0.0000000000e+00     0.0000000000e+00                  NaN     1.0000000000e+00
  12 OrbitAlong_@_epoch_002_in_m_____     0.0000000000e+00     0.0000000000e+00     0.0000000000e+00     0.0000000000e+00                  NaN     1.0000000000e+00
  13 OrbitVerti_@_epoch_001_in_m_____     0.0000000000e+00     0.0000000000e+00     0.0000000000e+00     0.0000000000e+00                  NaN     1.0000000000e+00
  14 OrbitVerti_@_epoch_002_in_m_____     0.0000000000e+00     0.0000000000e+00     0.0000000000e+00     0.0000000000e+00                  NaN     1.0000000000e+00
  15 OrbitVelH__@_epoch_001_m_per_s__     0.0000000000e+00     0.0000000000e+00     0.0000000000e+00     0.0000000000e+00                  NaN     1.0000000000e+00
  16 OrbitVelH__@_epoch_002_m_per_s__     0.0000000000e+00     0.0000000000e+00     0.0000000000e+00     0.0000000000e+00                  NaN     1.0000000000e+00
  17 OrbitVelA__@_epoch_001_m_per_s__     0.0000000000e+00     0.0000000000e+00     0.0000000000e+00     0.0000000000e+00                  NaN     1.0000000000e+00
  18 OrbitVelA__@_epoch_002_m_per_s__     0.0000000000e+00     0.0000000000e+00     0.0000000000e+00     0.0000000000e+00                  NaN     1.0000000000e+00
  19 OrbitVelV__@_epoch_001_m_per_s__     0.0000000000e+00     0.0000000000e+00     0.0000000000e+00     0.0000000000e+00                  NaN     1.0000000000e+00
  20 OrbitVelV__@_epoch_002_m_per_s__     0.0000000000e+00     0.0000000000e+00     0.0000000000e+00     0.0000000000e+00                  NaN     1.0000000000e+00
  21 Offset__@_epoch_001_in_cycles___     0.0000000000e+00     0.0000000000e+00     0.0000000000e+00     0.0000000000e+00                  NaN     1.0000000000e-01
  22 Offset__@_epoch_002_in_cycles___     0.0000000000e+00    -8.4259492715e-02    -5.0000000000e-01     5.0000000000e-01                  NaN     1.0000000000e-01
  23 Mogi1_Easting_in_m______________     0.0000000000e+00     0.0000000000e+00     0.0000000000e+00     0.0000000000e+00                  NaN     1.0000000000e+03
  24 Mogi1_Northing_in_m_____________     0.0000000000e+00     0.0000000000e+00     0.0000000000e+00     0.0000000000e+00                  NaN     1.0000000000e+03
  25 Mogi1_Depth_in_m________________     0.0000000000e+00     0.0000000000e+00     0.0000000000e+00     0.0000000000e+00                  NaN     1.0000000000e+04
  26 Mogi1_Depth_in_m________________     0.0000000000e+00     0.0000000000e+00     0.0000000000e+00     0.0000000000e+00                  NaN     1.0000000000e+04
  27 Mogi1_Volume_Increase_in_m3_____     0.0000000000e+00     0.0000000000e+00     0.0000000000e+00     0.0000000000e+00                  NaN     1.0000000000e+06
  28 Mogi2_Easting_in_m______________     0.0000000000e+00     0.0000000000e+00     0.0000000000e+00     0.0000000000e+00                  NaN     1.0000000000e+03
  29 Mogi2_Northing_in_m_____________     0.0000000000e+00     0.0000000000e+00     0.0000000000e+00     0.0000000000e+00                  NaN     1.0000000000e+03
  30 Mogi2_Depth_in_m________________     0.0000000000e+00     0.0000000000e+00     0.0000000000e+00     0.0000000000e+00                  NaN     1.0000000000e+04
  31 Mogi2_Volume_Increase_in_m3_____     0.0000000000e+00     0.0000000000e+00     0.0000000000e+00     0.0000000000e+00                  NaN     1.0000000000e+06
  32 Okada1_Length_in_m______________     2.3400000000e+03     2.8397524011e+03     1.8400000000e+03     2.8400000000e+03     1.3012695312e+02     1.0000000000e+03
  33 Okada1_Width_in_m_______________     2.7800000000e+03     2.3022088813e+03     2.2800000000e+03     3.2800000000e+03     1.0131835938e+02     1.0000000000e+03
  34 Okada1_Centroid_Depth_in_m______     2.5000000000e+03     2.9842036806e+03     1.5000000000e+03     3.5000000000e+03     2.5830078125e+02     1.0000000000e+03
  35 Okada1_Dip_in_deg_______________     5.0000000000e+01     5.2692011925e+01     4.0000000000e+01     6.0000000000e+01     3.8330078125e+00     1.0000000000e+00
  36 Okada1_Strike_CCW_from_N_in_deg_     2.8200000000e+02     2.6706314683e+02     2.6700000000e+02     2.9700000000e+02     2.0361328125e+00     1.0000000000e+00
  37 Okada1_Easting_in_m_____________     5.0820000000e+05     5.0864051319e+05     5.0770000000e+05     5.0870000000e+05     1.1010742188e+02     1.0000000000e+03
  38 Okada1_Northing_in_m____________     3.8012000000e+06     3.8011567318e+06     3.8007000000e+06     3.8017000000e+06     1.5673828125e+02     1.0000000000e+03
  39 Okada1_RL_Strike_Slip_in_m______     2.0000000000e-02     3.0593451353e-02     0.0000000000e+00     4.0000000000e-02     1.9863281250e-02     1.0000000000e-03
  40 Okada1_Downdip_Slip_in_m________    -5.6300000000e-01    -6.1278790475e-01    -6.1300000000e-01    -5.1300000000e-01     1.9409179688e-02     1.0000000000e-03
  41 Okada1_Tensile_Opening_in_m_____     0.0000000000e+00     0.0000000000e+00     0.0000000000e+00     0.0000000000e+00                  NaN     1.0000000000e-03
  42 Okada2_Length_in_m______________     0.0000000000e+00     0.0000000000e+00     0.0000000000e+00     0.0000000000e+00                  NaN     1.0000000000e+03
  43 Okada2_Width_in_m_______________     0.0000000000e+00     0.0000000000e+00     0.0000000000e+00     0.0000000000e+00                  NaN     1.0000000000e+03
  44 Okada2_Centroid_Depth_in_m______     0.0000000000e+00     0.0000000000e+00     0.0000000000e+00     0.0000000000e+00                  NaN     1.0000000000e+03
  45 Okada2_Dip_in_deg_______________     0.0000000000e+00     0.0000000000e+00     0.0000000000e+00     0.0000000000e+00                  NaN     1.0000000000e+00
  46 Okada2_Strike_CCW_from_N_in_deg_     0.0000000000e+00     0.0000000000e+00     0.0000000000e+00     0.0000000000e+00                  NaN     1.0000000000e+00
  47 Okada2_Easting_in_m_____________     0.0000000000e+00     0.0000000000e+00     0.0000000000e+00     0.0000000000e+00                  NaN     1.0000000000e+03
  48 Okada2_Northing_in_m____________     0.0000000000e+00     0.0000000000e+00     0.0000000000e+00     0.0000000000e+00                  NaN     1.0000000000e+03
  49 Okada2_RL_Strike_Slip_in_m______     0.0000000000e+00     0.0000000000e+00     0.0000000000e+00     0.0000000000e+00                  NaN     1.0000000000e-03
  50 Okada2_Downdip_Slip_in_m________     0.0000000000e+00     0.0000000000e+00     0.0000000000e+00     0.0000000000e+00                  NaN     1.0000000000e-03
  51 Okada2_Tensile_Opening_in_m_____     0.0000000000e+00     0.0000000000e+00     0.0000000000e+00     0.0000000000e+00                  NaN     1.0000000000e-03
  52 YangPS_Easting_in_m_____________     0.0000000000e+00     0.0000000000e+00     0.0000000000e+00     0.0000000000e+00                  NaN     1.0000000000e+03
  53 YangPS_Northing_in_m____________     0.0000000000e+00     0.0000000000e+00     0.0000000000e+00     0.0000000000e+00                  NaN     1.0000000000e+03
  54 YangPS_Depth_in_m_______________     0.0000000000e+00     0.0000000000e+00     0.0000000000e+00     0.0000000000e+00                  NaN     1.0000000000e+03
  55 YangPS_Excess_Pressure_in_Pa____     0.0000000000e+00     0.0000000000e+00     0.0000000000e+00     0.0000000000e+00                  NaN     1.0000000000e-03
  56 YangPS_semimajor_axis_a__m______     0.0000000000e+00     0.0000000000e+00     0.0000000000e+00     0.0000000000e+00                  NaN     1.0000000000e+03
  57 YangPS_semiminor_axis_b_in_m____     0.0000000000e+00     0.0000000000e+00     0.0000000000e+00     0.0000000000e+00                  NaN     1.0000000000e+03
  58 YangPS_Azimuth_deg_CCW_from_N___     0.0000000000e+00     0.0000000000e+00     0.0000000000e+00     0.0000000000e+00                  NaN     1.0000000000e+00
  59 YangPS_Plunge_in_degrees________     0.0000000000e+00     0.0000000000e+00     0.0000000000e+00     0.0000000000e+00                  NaN     1.0000000000e+00
  60 YangPS_Empty1___________________     0.0000000000e+00     0.0000000000e+00     0.0000000000e+00     0.0000000000e+00                  NaN     1.0000000000e-03
  61 YangPS_Empty2___________________     0.0000000000e+00     0.0000000000e+00     0.0000000000e+00     0.0000000000e+00                  NaN     1.0000000000e-03
  62 Poisson_Ratio_dimless___________     2.5000000000e-01     2.5000000000e-01     2.5000000000e-01     2.5000000000e-01                  NaN     1.0000000000e-03
  63 Shear_Modulus_in_Pa_____________     3.0000000000e+10     3.0000000000e+10     3.0000000000e+10     3.0000000000e+10                  NaN     1.0000000000e+10
  64 Reference_Epoch_in_years________     1.9929234970e+03     1.9929234970e+03     1.9929234970e+03     1.9929234970e+03                  NaN     1.0000000000e+00
  65 Young_s_Modulus_in_Pa_for_Pinel_     0.0000000000e+00     0.0000000000e+00     0.0000000000e+00     0.0000000000e+00                  NaN     1.0000000000e+09
  66 Density_of_load_in_kg_per_m3____     0.0000000000e+00     0.0000000000e+00     0.0000000000e+00     0.0000000000e+00                  NaN     1.0000000000e+03
  67 Grav_Acc_in_m_per_s_per_s_______     0.0000000000e+00     0.0000000000e+00     0.0000000000e+00     0.0000000000e+00                  NaN     1.0000000000e+00
  68 Poisson_Ratio_dimless_for_Pinel_     0.0000000000e+00     0.0000000000e+00     0.0000000000e+00     0.0000000000e+00                  NaN     1.0000000000e+10
  69 SunDisk1_Easting_in_m___________     0.0000000000e+00     0.0000000000e+00     0.0000000000e+00     0.0000000000e+00                  NaN     1.0000000000e+03
  70 SunDisk1_Northing_in_m__________     0.0000000000e+00     0.0000000000e+00     0.0000000000e+00     0.0000000000e+00                  NaN     1.0000000000e+03
  71 SunDisk1_Depth_in_m_____________     0.0000000000e+00     0.0000000000e+00     0.0000000000e+00     0.0000000000e+00                  NaN     1.0000000000e+03
  72 SunDisk1_Excess_Pressure_in_Pa__     0.0000000000e+00     0.0000000000e+00     0.0000000000e+00     0.0000000000e+00                  NaN     1.0000000000e-03
  73 SunDisk1_Radius_a_in_m__________     0.0000000000e+00     0.0000000000e+00     0.0000000000e+00     0.0000000000e+00                  NaN     1.0000000000e+03
  74 SunDisk2_Easting_in_m___________     0.0000000000e+00     0.0000000000e+00     0.0000000000e+00     0.0000000000e+00                  NaN     1.0000000000e+03
  75 SunDisk2_Northing_in_m__________     0.0000000000e+00     0.0000000000e+00     0.0000000000e+00     0.0000000000e+00                  NaN     1.0000000000e+03
  76 SunDisk2_Depth_in_m_____________     0.0000000000e+00     0.0000000000e+00     0.0000000000e+00     0.0000000000e+00                  NaN     1.0000000000e+03
  77 SunDisk2_Excess_Pressure_in_Pa__     0.0000000000e+00     0.0000000000e+00     0.0000000000e+00     0.0000000000e+00                  NaN     1.0000000000e-03
  78 SunDisk2_Radius_a_in_m__________     0.0000000000e+00     0.0000000000e+00     0.0000000000e+00     0.0000000000e+00                  NaN     1.0000000000e+03
  79 Poisson_Ratio_dimless_drained___     0.0000000000e+00     0.0000000000e+00     0.0000000000e+00     0.0000000000e+00                  NaN     1.0000000000e-03
  80 Okada3_Length_in_m______________     0.0000000000e+00     0.0000000000e+00     0.0000000000e+00     0.0000000000e+00                  NaN     1.0000000000e+03
  81 Okada3_Width_in_m_______________     0.0000000000e+00     0.0000000000e+00     0.0000000000e+00     0.0000000000e+00                  NaN     1.0000000000e+03
  82 Okada3_Centroid_Depth_in_m______     0.0000000000e+00     0.0000000000e+00     0.0000000000e+00     0.0000000000e+00                  NaN     1.0000000000e+03
  83 Okada3_Dip_in_deg_______________     0.0000000000e+00     0.0000000000e+00     0.0000000000e+00     0.0000000000e+00                  NaN     1.0000000000e+00
  84 Okada3_Strike_CCW_from_N_in_deg_     0.0000000000e+00     0.0000000000e+00     0.0000000000e+00     0.0000000000e+00                  NaN     1.0000000000e+00
  85 Okada3_Easting_in_m_____________     0.0000000000e+00     0.0000000000e+00     0.0000000000e+00     0.0000000000e+00                  NaN     1.0000000000e+03
  86 Okada3_Northing_in_m____________     0.0000000000e+00     0.0000000000e+00     0.0000000000e+00     0.0000000000e+00                  NaN     1.0000000000e+03
  87 Okada3_RL_Strike_Slip_in_m______     0.0000000000e+00     0.0000000000e+00     0.0000000000e+00     0.0000000000e+00                  NaN     1.0000000000e-03
  88 Okada3_Downdip_Slip_in_m________     0.0000000000e+00     0.0000000000e+00     0.0000000000e+00     0.0000000000e+00                  NaN     1.0000000000e-03
  89 Okada3_Tensile_Opening_in_m_____     0.0000000000e+00     0.0000000000e+00     0.0000000000e+00     0.0000000000e+00                  NaN     1.0000000000e-03
  90 Rad_Vel_Center_Easting_in_m_____     0.0000000000e+00     0.0000000000e+00     0.0000000000e+00     0.0000000000e+00                  NaN     1.0000000000e+06
  91 Rad_Vel_Center_Northing_in_m____     0.0000000000e+00     0.0000000000e+00     0.0000000000e+00     0.0000000000e+00                  NaN     1.0000000000e+06
  92 Rad_Vel_Evel_in_m_per_yr________     0.0000000000e+00     0.0000000000e+00     0.0000000000e+00     0.0000000000e+00                  NaN     1.0000000000e+03
  93 Rad_Vel_Nvel_in_m_per_yr________     0.0000000000e+00     0.0000000000e+00     0.0000000000e+00     0.0000000000e+00                  NaN     1.0000000000e+03
  94 Rad_Vel_Uvel_in_m_per_yr________     0.0000000000e+00     0.0000000000e+00     0.0000000000e+00     0.0000000000e+00                  NaN     1.0000000000e+03
  95 Rad_Vel_dVdR_in_inverse_yr______     0.0000000000e+00     0.0000000000e+00     0.0000000000e+00     0.0000000000e+00                  NaN     1.0000000000e+03
  96 Total_Net_Volume_Increase_in_m3_     0.0000000000e+00     0.0000000000e+00                  NaN                  NaN                  NaN                  NaN
  97 Okada1_Centroid_Easting_in_m____     5.0801423615e+05     5.0867625923e+05                  NaN                  NaN                  NaN                  NaN
  98 Okada1_Centroid_Northing_in_m___     3.8003260498e+06     3.8004599645e+06                  NaN                  NaN                  NaN                  NaN
  99 Okada1_Centroid_latitude__in_deg     3.4344212292e+01     3.4345414655e+01                  NaN                  NaN                  NaN                  NaN
 100 Okada1_Centroid_longitude_in_deg     3.0871361793e+00     3.0943354848e+00                  NaN                  NaN                  NaN                  NaN
 101 Okada1_Convt_strike_in_deg_CW_N_     2.8200000000e+02     2.6706314683e+02                  NaN                  NaN     2.0361328125e+00                  NaN
 102 Derived_Okada1_rake_in_deg_CCW__    -1.7796548148e+02    -1.7714187984e+02                  NaN                  NaN                  NaN                  NaN
 103 Derived_Okada1_potency_in_m3____     3.6647377773e+06     4.0112151123e+06                  NaN                  NaN                  NaN                  NaN
 104 Derived_Okada1_moment_in_Nm_____     1.0994213332e+17     1.2033645337e+17                  NaN                  NaN                  NaN                  NaN
 105 Derived_Okada1_Mw_______________     5.3307761065e+00     5.3569314717e+00                  NaN                  NaN                  NaN                  NaN
 106 Pair_00001_MiniRange_m_MOD______    -8.9960047781e-02    -6.7994444437e-02                  NaN                  NaN     1.9098249978e-02                  NaN
 107 Pair_00001_MaxiRange_m_MOD______     3.7341303683e-02     3.4470668756e-02                  NaN                  NaN     1.9098249978e-02                  NaN
