x_20150609_185051/x_demoZ4.out x_20150609_185051/x Development version 2.9 of 09-Jun-2015 17:48:14
Species A:     1     2
Species A Member  1 Pair   1 M   1001 S   1002                                                          psp_16851_28374_ort.pha
Species A Member  2 Pair   1 M   1001 S   1002                                                          psp_16851_28374_ort.pha

Total Average Cost of null    model = 0.0236 cycles per datum for       7153 observations in data set for inversion
Total Average Cost of initial model = 0.0234 cycles per datum for       7153 observations in data set for inversion
Total Average Cost of final   model = 0.0213 cycles per datum for       7153 observations in data set for inversion
Cost  of null  model   = 0.0236243 cycles per datum for   7153 observations in inverted data set x_20150609_185051/x
Cost  of initl model   = 0.0233509 cycles per datum for   7153 observations in inverted data set x_20150609_185051/x
Cost  of final model   = 0.0212638 cycles per datum for   7153 observations in inverted data set x_20150609_185051/x
Cost  improvement      = 0.0020871 cycles per datum for   7153 observations in inverted data set x_20150609_185051/x
Critical value of cost = 0.0215052 cycles per datum for   7153 observations in inverted data set x_20150609_185051/x
I          Name     P0(pre-fit)              P1(post-fit)     Adjust.   Sigma[6] Significance PlusMinusBound
F#   1 time_fn_@_epoch_001_in_years____  2005.3836  2005.3836     0.0000        NaN     NaN     0.0000
F#   2 time_fn_@_epoch_002_in_years____  2007.5890  2007.5890     0.0000        NaN     NaN     0.0000
F#   3 E_grad__@_epoch_001_dimless_____   0.00e+00   0.00e+00   0.00e+00        NaN     NaN   0.00e+00
F#   4 E_grad__@_epoch_002_dimless_____   0.00e+00   0.00e+00   0.00e+00        NaN     NaN   0.00e+00
F#   5 N_grad__@_epoch_001_dimless_____   0.00e+00   0.00e+00   0.00e+00        NaN     NaN   0.00e+00
F#   6 N_grad__@_epoch_002_dimless_____   0.00e+00   0.00e+00   0.00e+00        NaN     NaN   0.00e+00
F#   7 U_grad__@_epoch_001_dimless_____  -1.00e-05  -1.00e-05   0.00e+00        NaN     NaN   0.00e+00
E#   8 U_grad__@_epoch_002_dimless_____  -1.00e-05  -1.59e-05  -5.91e-06   9.81e-06     0.6   1.00e-05
F#   9 OrbitHoriz_@_epoch_001_in_m_____   0.00e+00   0.00e+00   0.00e+00        NaN     NaN   0.00e+00
F#  10 OrbitHoriz_@_epoch_002_in_m_____   0.00e+00   0.00e+00   0.00e+00        NaN     NaN   0.00e+00
F#  11 OrbitAlong_@_epoch_001_in_m_____   0.00e+00   0.00e+00   0.00e+00        NaN     NaN   0.00e+00
F#  12 OrbitAlong_@_epoch_002_in_m_____   0.00e+00   0.00e+00   0.00e+00        NaN     NaN   0.00e+00
F#  13 OrbitVerti_@_epoch_001_in_m_____   0.00e+00   0.00e+00   0.00e+00        NaN     NaN   0.00e+00
F#  14 OrbitVerti_@_epoch_002_in_m_____   0.00e+00   0.00e+00   0.00e+00        NaN     NaN   0.00e+00
F#  15 OrbitVelH__@_epoch_001_m_per_s__   0.00e+00   0.00e+00   0.00e+00        NaN     NaN   0.00e+00
F#  16 OrbitVelH__@_epoch_002_m_per_s__   0.00e+00   0.00e+00   0.00e+00        NaN     NaN   0.00e+00
F#  17 OrbitVelA__@_epoch_001_m_per_s__   0.00e+00   0.00e+00   0.00e+00        NaN     NaN   0.00e+00
F#  18 OrbitVelA__@_epoch_002_m_per_s__   0.00e+00   0.00e+00   0.00e+00        NaN     NaN   0.00e+00
F#  19 OrbitVelV__@_epoch_001_m_per_s__   0.00e+00   0.00e+00   0.00e+00        NaN     NaN   0.00e+00
F#  20 OrbitVelV__@_epoch_002_m_per_s__   0.00e+00   0.00e+00   0.00e+00        NaN     NaN   0.00e+00
F#  21 Offset__@_epoch_001_in_cycles___   0.00e+00   0.00e+00   0.00e+00        NaN     NaN   0.00e+00
F#  22 Offset__@_epoch_002_in_cycles___   0.00e+00   0.00e+00   0.00e+00        NaN     NaN   0.00e+00
F#  23 Mogi1_Easting_in_m______________        0.0        0.0        0.0        NaN     NaN        0.0
F#  24 Mogi1_Northing_in_m_____________        0.0        0.0        0.0        NaN     NaN        0.0
F#  25 Mogi1_Depth_in_m________________   0.00e+00   0.00e+00   0.00e+00        NaN     NaN   0.00e+00
F#  26 Mogi1_Depth_in_m________________   0.00e+00   0.00e+00   0.00e+00        NaN     NaN   0.00e+00
F#  27 Mogi1_Volume_Increase_in_m3_____   0.00e+00   0.00e+00   0.00e+00        NaN     NaN   0.00e+00
F#  28 Mogi2_Easting_in_m______________        0.0        0.0        0.0        NaN     NaN        0.0
F#  29 Mogi2_Northing_in_m_____________        0.0        0.0        0.0        NaN     NaN        0.0
F#  30 Mogi2_Depth_in_m________________   0.00e+00   0.00e+00   0.00e+00        NaN     NaN   0.00e+00
F#  31 Mogi2_Volume_Increase_in_m3_____   0.00e+00   0.00e+00   0.00e+00        NaN     NaN   0.00e+00
E#  32 Okada1_Length_in_m______________  5000.0000  5995.1018   995.1018   490.7227    2.03  1000.0000
E#  33 Okada1_Width_in_m_______________  6000.0000  5039.6304  -960.3696   818.8477    1.17  1000.0000
E#  34 Okada1_Centroid_Depth_in_m______  5000.0000  5976.0885   976.0885   299.8047    3.26  1000.0000
E#  35 Okada1_Dip_in_deg_______________    60.0000    40.5584   -19.4416     5.5371    3.51    20.0000
E#  36 Okada1_Strike_CW_from_N_in_deg__   205.0000   214.8147     9.8147     6.6992    1.47    10.0000
E#  37 Okada1_Centroid_Easting_in_m____   530000.0   529002.6     -997.4      329.6    3.03     1000.0
E#  38 Okada1_Centroid_Northing_in_m___  4243000.0  4243991.9      991.9      561.5    1.77     1000.0
E#  39 Okada1_Coplanar_slip_in_m_______     0.3000     0.1950    -0.1050     0.0593    1.77     0.5000
E#  40 Okada1_Rake_in_deg_CCW__________   -26.0000   -35.1801    -9.1801     9.4336    0.97    10.0000
F#  41 Okada1_Tensile_Opening_in_m_____   0.00e+00   0.00e+00   0.00e+00        NaN     NaN   0.00e+00
F#  42 Okada2_Length_in_m______________   0.00e+00   0.00e+00   0.00e+00        NaN     NaN   0.00e+00
F#  43 Okada2_Width_in_m_______________   0.00e+00   0.00e+00   0.00e+00        NaN     NaN   0.00e+00
F#  44 Okada2_Centroid_Depth_in_m______   0.00e+00   0.00e+00   0.00e+00        NaN     NaN   0.00e+00
F#  45 Okada2_Dip_in_deg_______________   0.00e+00   0.00e+00   0.00e+00        NaN     NaN   0.00e+00
F#  46 Okada2_Strike_CW_from_N_in_deg__   0.00e+00   0.00e+00   0.00e+00        NaN     NaN   0.00e+00
F#  47 Okada2_Centroid_Easting_in_m____        0.0        0.0        0.0        NaN     NaN        0.0
F#  48 Okada2_Centroid_Northing_in_m___        0.0        0.0        0.0        NaN     NaN        0.0
F#  49 Okada2_Coplanar_slip_in_m_______   0.00e+00   0.00e+00   0.00e+00        NaN     NaN   0.00e+00
F#  50 Okada2_Rake_in_deg_CCW__________   0.00e+00   0.00e+00   0.00e+00        NaN     NaN   0.00e+00
F#  51 Okada2_Tensile_Opening_in_m_____   0.00e+00   0.00e+00   0.00e+00        NaN     NaN   0.00e+00
F#  52 YangPS_Easting_in_m_____________        0.0        0.0        0.0        NaN     NaN        0.0
F#  53 YangPS_Northing_in_m____________        0.0        0.0        0.0        NaN     NaN        0.0
F#  54 YangPS_Depth_in_m_______________   0.00e+00   0.00e+00   0.00e+00        NaN     NaN   0.00e+00
F#  55 YangPS_Excess_Pressure_in_Pa____   0.00e+00   0.00e+00   0.00e+00        NaN     NaN   0.00e+00
F#  56 YangPS_semimajor_axis_a__m______   0.00e+00   0.00e+00   0.00e+00        NaN     NaN   0.00e+00
F#  57 YangPS_semiminor_axis_b_in_m____   0.00e+00   0.00e+00   0.00e+00        NaN     NaN   0.00e+00
F#  58 YangPS_Azimuth_deg_CCW_from_N___   0.00e+00   0.00e+00   0.00e+00        NaN     NaN   0.00e+00
F#  59 YangPS_Plunge_in_degrees________   0.00e+00   0.00e+00   0.00e+00        NaN     NaN   0.00e+00
F#  60 YangPS_Empty1___________________   0.00e+00   0.00e+00   0.00e+00        NaN     NaN   0.00e+00
F#  61 YangPS_Empty2___________________   0.00e+00   0.00e+00   0.00e+00        NaN     NaN   0.00e+00
F#  62 Poisson_Ratio_dimless___________   0.00e+00   0.00e+00   0.00e+00        NaN     NaN   0.00e+00
F#  63 Shear_Modulus_in_Pa_____________   0.00e+00   0.00e+00   0.00e+00        NaN     NaN   0.00e+00
F#  64 Reference_Epoch_in_years________   0.00e+00   0.00e+00   0.00e+00        NaN     NaN   0.00e+00
F#  65 Young_s_Modulus_in_Pa_for_Pinel_   0.00e+00   0.00e+00   0.00e+00        NaN     NaN   0.00e+00
F#  66 Density_of_load_in_kg_per_m3____   0.00e+00   0.00e+00   0.00e+00        NaN     NaN   0.00e+00
F#  67 Grav_Acc_in_m_per_s_per_s_______   0.00e+00   0.00e+00   0.00e+00        NaN     NaN   0.00e+00
F#  68 Poisson_Ratio_dimless_for_Pinel_   0.00e+00   0.00e+00   0.00e+00        NaN     NaN   0.00e+00
F#  69 SunDisk1_Easting_in_m___________        0.0        0.0        0.0        NaN     NaN        0.0
F#  70 SunDisk1_Northing_in_m__________        0.0        0.0        0.0        NaN     NaN        0.0
F#  71 SunDisk1_Depth_in_m_____________   0.00e+00   0.00e+00   0.00e+00        NaN     NaN   0.00e+00
F#  72 SunDisk1_Excess_Pressure_in_Pa__   0.00e+00   0.00e+00   0.00e+00        NaN     NaN   0.00e+00
F#  73 SunDisk1_Radius_a_in_m__________   0.00e+00   0.00e+00   0.00e+00        NaN     NaN   0.00e+00
F#  74 SunDisk2_Easting_in_m___________        0.0        0.0        0.0        NaN     NaN        0.0
F#  75 SunDisk2_Northing_in_m__________        0.0        0.0        0.0        NaN     NaN        0.0
F#  76 SunDisk2_Depth_in_m_____________   0.00e+00   0.00e+00   0.00e+00        NaN     NaN   0.00e+00
F#  77 SunDisk2_Excess_Pressure_in_Pa__   0.00e+00   0.00e+00   0.00e+00        NaN     NaN   0.00e+00
F#  78 SunDisk2_Radius_a_in_m__________   0.00e+00   0.00e+00   0.00e+00        NaN     NaN   0.00e+00
F#  79 Poisson_Ratio_dimless_drained___   0.00e+00   0.00e+00   0.00e+00        NaN     NaN   0.00e+00
F#  80 Okada3_Length_in_m______________   0.00e+00   0.00e+00   0.00e+00        NaN     NaN   0.00e+00
F#  81 Okada3_Width_in_m_______________   0.00e+00   0.00e+00   0.00e+00        NaN     NaN   0.00e+00
F#  82 Okada3_Centroid_Depth_in_m______   0.00e+00   0.00e+00   0.00e+00        NaN     NaN   0.00e+00
F#  83 Okada3_Dip_in_deg_______________   0.00e+00   0.00e+00   0.00e+00        NaN     NaN   0.00e+00
F#  84 Okada3_Strike_CW_from_N_in_deg__   0.00e+00   0.00e+00   0.00e+00        NaN     NaN   0.00e+00
F#  85 Okada3_Centroid_Easting_in_m____        0.0        0.0        0.0        NaN     NaN        0.0
F#  86 Okada3_Centroid_Northing_in_m___        0.0        0.0        0.0        NaN     NaN        0.0
F#  87 Okada3_Coplanar_slip_in_m_______   0.00e+00   0.00e+00   0.00e+00        NaN     NaN   0.00e+00
F#  88 Okada3_Rake_in_deg_CCW__________   0.00e+00   0.00e+00   0.00e+00        NaN     NaN   0.00e+00
F#  89 Okada3_Tensile_Opening_in_m_____   0.00e+00   0.00e+00   0.00e+00        NaN     NaN   0.00e+00
F#  90 Rad_Vel_Center_Easting_in_m_____        0.0        0.0        0.0        NaN     NaN        0.0
F#  91 Rad_Vel_Center_Northing_in_m____        0.0        0.0        0.0        NaN     NaN        0.0
F#  92 Rad_Vel_Evel_in_m_per_yr________   0.00e+00   0.00e+00   0.00e+00        NaN     NaN   0.00e+00
F#  93 Rad_Vel_Nvel_in_m_per_yr________   0.00e+00   0.00e+00   0.00e+00        NaN     NaN   0.00e+00
F#  94 Rad_Vel_Uvel_in_m_per_yr________   0.00e+00   0.00e+00   0.00e+00        NaN     NaN   0.00e+00
F#  95 Rad_Vel_dVdR_in_inverse_yr______   0.00e+00   0.00e+00   0.00e+00        NaN     NaN   0.00e+00
D#  96 Total_Net_Volume_Increase_in_m3_   0.00e+00   0.00e+00   0.00e+00        NaN     NaN        NaN
D#  97 Derived_Okada1_moment_in_Nm_____        NaN        NaN        NaN        NaN     NaN        NaN
D#  98 Derived_Okada1_Mw_______________        NaN        NaN        NaN        NaN     NaN        NaN
D#  99 Pair_00001_MaxAbsGradientOBS____   5.10e-05   5.10e-05   0.00e+00        NaN     NaN        NaN
D# 100 Pair_00001_MaxAbsGradientMOD____   3.96e-05   1.25e-05  -2.71e-05        NaN     NaN        NaN
D# 101 Pair_00001_MaxAbsGradientRES____   8.12e-05   5.78e-05  -2.33e-05        NaN     NaN        NaN
D# 102 Pair_00001_MaxAbsGradientDEV____   8.12e-05   5.78e-05  -2.33e-05        NaN     NaN        NaN
D# 103 Pair_00001_MiniRange_m_MOD______   2.12e-02   2.32e-02   2.01e-03   2.90e-04     NaN        NaN
D# 104 Pair_00001_MaxiRange_m_MOD______   2.56e-02   2.49e-02  -6.46e-04   2.90e-04     NaN        NaN
__________________________________________________________
Parameter                         Estimate     Uncertainty
__________________________________________________________
U_grad__@_epoch_002_dimless_____  -1.59e-05 +/-   9.81e-06
Okada1_Length_in_m______________  5995.1018 +/-   490.7227
Okada1_Width_in_m_______________  5039.6304 +/-   818.8477
Okada1_Centroid_Depth_in_m______  5976.0885 +/-   299.8047
Okada1_Dip_in_deg_______________    40.5584 +/-     5.5371
Okada1_Strike_CW_from_N_in_deg__   214.8147 +/-     6.6992
Okada1_Centroid_Easting_in_m____   529002.6 +/-      329.6
Okada1_Centroid_Northing_in_m___  4243991.9 +/-      561.5
Okada1_Coplanar_slip_in_m_______     0.1950 +/-     0.0593
Okada1_Rake_in_deg_CCW__________   -35.1801 +/-     9.4336
Pair_00001_MaxAbsGradientMOD____   1.25e-05 +/-        NaN
Pair_00001_MaxAbsGradientRES____   5.78e-05 +/-        NaN
Pair_00001_MaxAbsGradientDEV____   5.78e-05 +/-        NaN
Pair_00001_MiniRange_m_MOD______   2.32e-02 +/-   2.90e-04
Pair_00001_MaxiRange_m_MOD______   2.49e-02 +/-   2.90e-04
__________________________________________________________
D# 103 Pair_00001_MiniRange_m_MOD______   2.12e-02   2.32e-02   2.01e-03   2.90e-04     NaN        NaN
D# 104 Pair_00001_MaxiRange_m_MOD______   2.56e-02   2.49e-02  -6.46e-04   2.90e-04     NaN        NaN
__________________________________________________________
Parameter                         Estimate     Uncertainty
__________________________________________________________
U_grad__@_epoch_002_dimless_____  -1.59e-05 +/-   9.81e-06
Okada1_Length_in_m______________  5995.1018 +/-   490.7227
Okada1_Width_in_m_______________  5039.6304 +/-   818.8477
Okada1_Centroid_Depth_in_m______  5976.0885 +/-   299.8047
Okada1_Dip_in_deg_______________    40.5584 +/-     5.5371
Okada1_Strike_CW_from_N_in_deg__   214.8147 +/-     6.6992
Okada1_Centroid_Easting_in_m____   529002.6 +/-      329.6
Okada1_Centroid_Northing_in_m___  4243991.9 +/-      561.5
Okada1_Coplanar_slip_in_m_______     0.1950 +/-     0.0593
Okada1_Rake_in_deg_CCW__________   -35.1801 +/-     9.4336
Pair_00001_MaxAbsGradientMOD____   1.25e-05 +/-        NaN
Pair_00001_MaxAbsGradientRES____   5.78e-05 +/-        NaN
Pair_00001_MaxAbsGradientDEV____   5.78e-05 +/-        NaN
Pair_00001_MiniRange_m_MOD______   2.32e-02 +/-   2.90e-04
Pair_00001_MaxiRange_m_MOD______   2.49e-02 +/-   2.90e-04
__________________________________________________________
